{"C:\\Users\\KENULE-NWINEE\\Documents\\vscode projs\\Vue\\ken-job-search\\src\\components\\JobResults\\JobListing.vue": {"path":"C:\\Users\\KENULE-NWINEE\\Documents\\vscode projs\\Vue\\ken-job-search\\src\\components\\JobResults\\JobListing.vue","statementMap":{"0":{"start":{"line":4,"column":0},"end":{"line":6,"column":3}},"1":{"start":{"line":7,"column":0},"end":{"line":7,"column":25}},"2":{"start":{"line":8,"column":15},"end":{"line":21,"column":1}},"3":{"start":{"line":18,"column":6},"end":{"line":18,"column":43}},"4":{"start":{"line":24,"column":0},"end":{"line":24,"column":13}},"5":{"start":{"line":26,"column":0},"end":{"line":28,"column":3}},"6":{"start":{"line":29,"column":0},"end":{"line":29,"column":24}},"7":{"start":{"line":30,"column":11},"end":{"line":30,"column":25}},"8":{"start":{"line":31,"column":19},"end":{"line":33,"column":1}},"9":{"start":{"line":34,"column":19},"end":{"line":36,"column":1}},"10":{"start":{"line":37,"column":19},"end":{"line":39,"column":1}},"11":{"start":{"line":40,"column":19},"end":{"line":42,"column":1}},"12":{"start":{"line":43,"column":19},"end":{"line":45,"column":1}},"13":{"start":{"line":46,"column":19},"end":{"line":48,"column":1}},"14":{"start":{"line":49,"column":32},"end":{"line":51,"column":38}},"15":{"start":{"line":52,"column":19},"end":{"line":54,"column":1}},"16":{"start":{"line":55,"column":19},"end":{"line":57,"column":1}},"17":{"start":{"line":59,"column":33},"end":{"line":59,"column":74}},"18":{"start":{"line":60,"column":2},"end":{"line":81,"column":30}},"19":{"start":{"line":64,"column":37},"end":{"line":79,"column":36}},"20":{"start":{"line":65,"column":6},"end":{"line":68,"column":60}},"21":{"start":{"line":70,"column":6},"end":{"line":72,"column":65}},"22":{"start":{"line":77,"column":39},"end":{"line":77,"column":76}},"23":{"start":{"line":82,"column":2},"end":{"line":82,"column":49}}},"fnMap":{"0":{"name":"(anonymous_0)","decl":{"start":{"line":17,"column":4},"end":{"line":17,"column":5}},"loc":{"start":{"line":17,"column":18},"end":{"line":19,"column":5}},"line":17},"1":{"name":"render","decl":{"start":{"line":58,"column":9},"end":{"line":58,"column":15}},"loc":{"start":{"line":58,"column":30},"end":{"line":82,"column":1}},"line":58},"2":{"name":"(anonymous_2)","decl":{"start":{"line":64,"column":31},"end":{"line":64,"column":32}},"loc":{"start":{"line":64,"column":37},"end":{"line":79,"column":36}},"line":64},"3":{"name":"(anonymous_3)","decl":{"start":{"line":64,"column":604},"end":{"line":64,"column":605}},"loc":{"start":{"line":64,"column":616},"end":{"line":69,"column":5}},"line":64},"4":{"name":"(anonymous_4)","decl":{"start":{"line":69,"column":368},"end":{"line":69,"column":369}},"loc":{"start":{"line":69,"column":385},"end":{"line":73,"column":5}},"line":69},"5":{"name":"(anonymous_5)","decl":{"start":{"line":77,"column":33},"end":{"line":77,"column":34}},"loc":{"start":{"line":77,"column":39},"end":{"line":77,"column":76}},"line":77}},"branchMap":{},"s":{"0":2,"1":2,"2":2,"3":5,"4":2,"5":2,"6":2,"7":2,"8":2,"9":2,"10":2,"11":2,"12":2,"13":2,"14":2,"15":2,"16":2,"17":5,"18":5,"19":5,"20":2,"21":2,"22":5,"23":2},"f":{"0":5,"1":5,"2":5,"3":2,"4":2,"5":5},"b":{},"inputSourceMap":{"0":"{","1":"\"","2":"v","3":"e","4":"r","5":"s","6":"i","7":"o","8":"n","9":"\"","10":":","11":"3","12":",","13":"\"","14":"s","15":"o","16":"u","17":"r","18":"c","19":"e","20":"s","21":"\"","22":":","23":"[","24":"\"","25":"C","26":":","27":"\\","28":"\\","29":"U","30":"s","31":"e","32":"r","33":"s","34":"\\","35":"\\","36":"K","37":"E","38":"N","39":"U","40":"L","41":"E","42":"-","43":"N","44":"W","45":"I","46":"N","47":"E","48":"E","49":"\\","50":"\\","51":"D","52":"o","53":"c","54":"u","55":"m","56":"e","57":"n","58":"t","59":"s","60":"\\","61":"\\","62":"v","63":"s","64":"c","65":"o","66":"d","67":"e","68":" ","69":"p","70":"r","71":"o","72":"j","73":"s","74":"\\","75":"\\","76":"V","77":"u","78":"e","79":"\\","80":"\\","81":"k","82":"e","83":"n","84":"-","85":"j","86":"o","87":"b","88":"-","89":"s","90":"e","91":"a","92":"r","93":"c","94":"h","95":"\\","96":"\\","97":"s","98":"r","99":"c","100":"\\","101":"\\","102":"c","103":"o","104":"m","105":"p","106":"o","107":"n","108":"e","109":"n","110":"t","111":"s","112":"\\","113":"\\","114":"J","115":"o","116":"b","117":"R","118":"e","119":"s","120":"u","121":"l","122":"t","123":"s","124":"\\","125":"\\","126":"J","127":"o","128":"b","129":"L","130":"i","131":"s","132":"t","133":"i","134":"n","135":"g","136":".","137":"v","138":"u","139":"e","140":"\"","141":"]","142":",","143":"\"","144":"n","145":"a","146":"m","147":"e","148":"s","149":"\"","150":":","151":"[","152":"]","153":",","154":"\"","155":"m","156":"a","157":"p","158":"p","159":"i","160":"n","161":"g","162":"s","163":"\"","164":":","165":"\"","166":";","167":";","168":";","169":";","170":";","171":";","172":";","173":"e","174":"A","175":"u","176":"D","177":"e","178":";","179":"E","180":"A","181":"C","182":"b","183":",","184":"I","185":"A","186":"A","187":"I","188":",","189":"E","190":"A","191":"A","192":"E","193":",","194":"Y","195":"A","196":"A","197":"Y","198":";","199":"E","200":"A","201":"C","202":"l","203":"B","204":",","205":"K","206":"A","207":"A","208":"K","209":",","210":"E","211":"A","212":"A","213":"E","214":";","215":"I","216":"A","217":"C","218":"L","219":",","220":"G","221":"A","222":"A","223":"G","224":",","225":"E","226":"A","227":"A","228":"E","229":";","230":"M","231":"A","232":"C","233":"H","234":",","235":"I","236":"A","237":"A","238":"I","239":",","240":"E","241":"A","242":"A","243":"E","244":",","245":"M","246":"A","247":"A","248":"M","249":";","250":"M","251":"A","252":"C","253":"Z","254":",","255":"Q","256":"A","257":"A","258":"Q","259":",","260":"E","261":"A","262":"A","263":"E","264":";","265":"I","266":"A","267":"C","268":"Z","269":";","270":"E","271":"A","272":"C","273":"F","274":",","275":"C","276":"A","277":"A","278":"C","279":";","280":"E","281":"A","282":"C","283":"D","284":",","285":"Q","286":"A","287":"A","288":"Q","289":",","290":"E","291":"A","292":"A","293":"E","294":";","295":"I","296":"A","297":"C","298":"R","299":",","300":"W","301":"A","302":"A","303":"W","304":",","305":"G","306":"A","307":"A","308":"G","309":";","310":"M","311":"A","312":"C","313":"Z","314":",","315":"O","316":"A","317":"A","318":"Q","319":",","320":"g","321":"B","322":"A","323":"A","324":"e","325":",","326":"I","327":"A","328":"A","329":"I","330":",","331":"C","332":"A","333":"A","334":"C","335":",","336":"G","337":"A","338":"A","339":"G","340":",","341":"C","342":"A","343":"A","344":"C","345":",","346":"E","347":"A","348":"A","349":"G","350":",","351":"E","352":"A","353":"A","354":"C","355":";","356":"I","357":"A","358":"C","359":"t","360":"C","361":";","362":"E","363":"A","364":"C","365":"F","366":";","367":"A","368":"A","369":"C","370":"F","371":",","372":"C","373":"A","374":"A","375":"C","376":";","377":"A","378":"A","379":"A","380":"A","381":";","382":"A","383":"A","384":"A","385":"A","386":"\"","387":",","388":"\"","389":"f","390":"i","391":"l","392":"e","393":"\"","394":":","395":"\"","396":"C","397":":","398":"\\","399":"\\","400":"U","401":"s","402":"e","403":"r","404":"s","405":"\\","406":"\\","407":"K","408":"E","409":"N","410":"U","411":"L","412":"E","413":"-","414":"N","415":"W","416":"I","417":"N","418":"E","419":"E","420":"\\","421":"\\","422":"D","423":"o","424":"c","425":"u","426":"m","427":"e","428":"n","429":"t","430":"s","431":"\\","432":"\\","433":"v","434":"s","435":"c","436":"o","437":"d","438":"e","439":" ","440":"p","441":"r","442":"o","443":"j","444":"s","445":"\\","446":"\\","447":"V","448":"u","449":"e","450":"\\","451":"\\","452":"k","453":"e","454":"n","455":"-","456":"j","457":"o","458":"b","459":"-","460":"s","461":"e","462":"a","463":"r","464":"c","465":"h","466":"\\","467":"\\","468":"s","469":"r","470":"c","471":"\\","472":"\\","473":"c","474":"o","475":"m","476":"p","477":"o","478":"n","479":"e","480":"n","481":"t","482":"s","483":"\\","484":"\\","485":"J","486":"o","487":"b","488":"R","489":"e","490":"s","491":"u","492":"l","493":"t","494":"s","495":"\\","496":"\\","497":"J","498":"o","499":"b","500":"L","501":"i","502":"s","503":"t","504":"i","505":"n","506":"g","507":".","508":"v","509":"u","510":"e","511":"\"","512":",","513":"\"","514":"s","515":"o","516":"u","517":"r","518":"c","519":"e","520":"s","521":"C","522":"o","523":"n","524":"t","525":"e","526":"n","527":"t","528":"\"","529":":","530":"[","531":"\"","532":"<","533":"t","534":"e","535":"m","536":"p","537":"l","538":"a","539":"t","540":"e","541":">","542":"\\","543":"r","544":"\\","545":"n","546":" ","547":" ","548":"<","549":"l","550":"i","551":" ","552":"c","553":"l","554":"a","555":"s","556":"s","557":"=","558":"\\","559":"\"","560":"m","561":"b","562":"-","563":"7","564":"\\","565":"\"","566":">","567":"\\","568":"r","569":"\\","570":"n","571":" ","572":" ","573":" ","574":" ","575":"<","576":"r","577":"o","578":"u","579":"t","580":"e","581":"r","582":"-","583":"l","584":"i","585":"n","586":"k","587":"\\","588":"r","589":"\\","590":"n","591":" ","592":" ","593":" ","594":" ","595":" ","596":" ","597":":","598":"t","599":"o","600":"=","601":"\\","602":"\"","603":"j","604":"o","605":"b","606":"P","607":"a","608":"g","609":"e","610":"L","611":"i","612":"n","613":"k","614":"\\","615":"\"","616":"\\","617":"r","618":"\\","619":"n","620":" ","621":" ","622":" ","623":" ","624":" ","625":" ","626":"c","627":"l","628":"a","629":"s","630":"s","631":"=","632":"\\","633":"\"","634":"b","635":"l","636":"o","637":"c","638":"k","639":" ","640":"m","641":"x","642":"-","643":"a","644":"u","645":"t","646":"o","647":" ","648":"b","649":"g","650":"-","651":"w","652":"h","653":"i","654":"t","655":"e","656":" ","657":"b","658":"o","659":"r","660":"d","661":"e","662":"r","663":" ","664":"b","665":"o","666":"r","667":"d","668":"e","669":"r","670":"-","671":"s","672":"o","673":"l","674":"i","675":"d","676":" ","677":"b","678":"o","679":"r","680":"d","681":"e","682":"r","683":"-","684":"b","685":"r","686":"a","687":"n","688":"d","689":"-","690":"g","691":"r","692":"a","693":"y","694":"-","695":"2","696":" ","697":"r","698":"o","699":"u","700":"n","701":"d","702":"e","703":"d","704":" ","705":"h","706":"o","707":"v","708":"e","709":"r","710":":","711":"s","712":"h","713":"a","714":"d","715":"o","716":"w","717":"-","718":"g","719":"r","720":"a","721":"y","722":"\\","723":"\"","724":"\\","725":"r","726":"\\","727":"n","728":" ","729":" ","730":" ","731":" ","732":">","733":"\\","734":"r","735":"\\","736":"n","737":" ","738":" ","739":" ","740":" ","741":" ","742":" ","743":"<","744":"d","745":"i","746":"v","747":" ","748":"c","749":"l","750":"a","751":"s","752":"s","753":"=","754":"\\","755":"\"","756":"p","757":"t","758":"-","759":"5","760":" ","761":"p","762":"b","763":"-","764":"2","765":" ","766":"m","767":"x","768":"-","769":"8","770":" ","771":"b","772":"o","773":"r","774":"d","775":"e","776":"r","777":"-","778":"b","779":" ","780":"b","781":"o","782":"r","783":"d","784":"e","785":"r","786":"-","787":"s","788":"o","789":"l","790":"i","791":"d","792":" ","793":"b","794":"o","795":"r","796":"d","797":"e","798":"r","799":"-","800":"b","801":"r","802":"a","803":"n","804":"d","805":"-","806":"g","807":"r","808":"a","809":"y","810":"-","811":"2","812":"\\","813":"\"","814":">","815":"\\","816":"r","817":"\\","818":"n","819":" ","820":" ","821":" ","822":" ","823":" ","824":" ","825":" ","826":" ","827":"<","828":"h","829":"2","830":" ","831":"c","832":"l","833":"a","834":"s","835":"s","836":"=","837":"\\","838":"\"","839":"m","840":"b","841":"-","842":"2","843":" ","844":"t","845":"e","846":"x","847":"t","848":"-","849":"2","850":"x","851":"l","852":"\\","853":"\"","854":">","855":"\\","856":"r","857":"\\","858":"n","859":" ","860":" ","861":" ","862":" ","863":" ","864":" ","865":" ","866":" ","867":" ","868":" ","869":"{","870":"{","871":" ","872":"j","873":"o","874":"b","875":".","876":"t","877":"i","878":"t","879":"l","880":"e","881":" ","882":"}","883":"}","884":"\\","885":"r","886":"\\","887":"n","888":" ","889":" ","890":" ","891":" ","892":" ","893":" ","894":" ","895":" ","896":"<","897":"/","898":"h","899":"2","900":">","901":"\\","902":"r","903":"\\","904":"n","905":" ","906":" ","907":" ","908":" ","909":" ","910":" ","911":" ","912":" ","913":"<","914":"d","915":"i","916":"v","917":" ","918":"c","919":"l","920":"a","921":"s","922":"s","923":"=","924":"\\","925":"\"","926":"f","927":"l","928":"e","929":"x","930":" ","931":"f","932":"l","933":"e","934":"x","935":"-","936":"r","937":"o","938":"w","939":" ","940":"a","941":"l","942":"i","943":"g","944":"n","945":"-","946":"m","947":"i","948":"d","949":"d","950":"l","951":"e","952":"\\","953":"\"","954":">","955":"\\","956":"r","957":"\\","958":"n","959":" ","960":" ","961":" ","962":" ","963":" ","964":" ","965":" ","966":" ","967":" ","968":" ","969":"<","970":"d","971":"i","972":"v","973":" ","974":"c","975":"l","976":"a","977":"s","978":"s","979":"=","980":"\\","981":"\"","982":"m","983":"r","984":"-","985":"5","986":"\\","987":"\"","988":">","989":"\\","990":"r","991":"\\","992":"n","993":" ","994":" ","995":" ","996":" ","997":" ","998":" ","999":" ","1000":" ","1001":" ","1002":" ","1003":" ","1004":" ","1005":"<","1006":"s","1007":"p","1008":"a","1009":"n","1010":">","1011":"{","1012":"{","1013":" ","1014":"j","1015":"o","1016":"b","1017":".","1018":"o","1019":"r","1020":"g","1021":"a","1022":"n","1023":"i","1024":"z","1025":"a","1026":"t","1027":"i","1028":"o","1029":"n","1030":" ","1031":"}","1032":"}","1033":"<","1034":"/","1035":"s","1036":"p","1037":"a","1038":"n","1039":">","1040":"\\","1041":"r","1042":"\\","1043":"n","1044":" ","1045":" ","1046":" ","1047":" ","1048":" ","1049":" ","1050":" ","1051":" ","1052":" ","1053":" ","1054":"<","1055":"/","1056":"d","1057":"i","1058":"v","1059":">","1060":"\\","1061":"r","1062":"\\","1063":"n","1064":"\\","1065":"r","1066":"\\","1067":"n","1068":" ","1069":" ","1070":" ","1071":" ","1072":" ","1073":" ","1074":" ","1075":" ","1076":" ","1077":" ","1078":"<","1079":"d","1080":"i","1081":"v","1082":">","1083":"\\","1084":"r","1085":"\\","1086":"n","1087":" ","1088":" ","1089":" ","1090":" ","1091":" ","1092":" ","1093":" ","1094":" ","1095":" ","1096":" ","1097":" ","1098":" ","1099":"<","1100":"u","1101":"l","1102":">","1103":"\\","1104":"r","1105":"\\","1106":"n","1107":" ","1108":" ","1109":" ","1110":" ","1111":" ","1112":" ","1113":" ","1114":" ","1115":" ","1116":" ","1117":" ","1118":" ","1119":" ","1120":" ","1121":"<","1122":"l","1123":"i","1124":"\\","1125":"r","1126":"\\","1127":"n","1128":" ","1129":" ","1130":" ","1131":" ","1132":" ","1133":" ","1134":" ","1135":" ","1136":" ","1137":" ","1138":" ","1139":" ","1140":" ","1141":" ","1142":" ","1143":" ","1144":"v","1145":"-","1146":"f","1147":"o","1148":"r","1149":"=","1150":"\\","1151":"\"","1152":"l","1153":"o","1154":"c","1155":"a","1156":"t","1157":"i","1158":"o","1159":"n","1160":" ","1161":"i","1162":"n","1163":" ","1164":"j","1165":"o","1166":"b","1167":".","1168":"l","1169":"o","1170":"c","1171":"a","1172":"t","1173":"i","1174":"o","1175":"n","1176":"s","1177":"\\","1178":"\"","1179":"\\","1180":"r","1181":"\\","1182":"n","1183":" ","1184":" ","1185":" ","1186":" ","1187":" ","1188":" ","1189":" ","1190":" ","1191":" ","1192":" ","1193":" ","1194":" ","1195":" ","1196":" ","1197":" ","1198":" ","1199":":","1200":"k","1201":"e","1202":"y","1203":"=","1204":"\\","1205":"\"","1206":"l","1207":"o","1208":"c","1209":"a","1210":"t","1211":"i","1212":"o","1213":"n","1214":"\\","1215":"\"","1216":"\\","1217":"r","1218":"\\","1219":"n","1220":" ","1221":" ","1222":" ","1223":" ","1224":" ","1225":" ","1226":" ","1227":" ","1228":" ","1229":" ","1230":" ","1231":" ","1232":" ","1233":" ","1234":" ","1235":" ","1236":"c","1237":"l","1238":"a","1239":"s","1240":"s","1241":"=","1242":"\\","1243":"\"","1244":"i","1245":"n","1246":"l","1247":"i","1248":"n","1249":"e","1250":"-","1251":"b","1252":"l","1253":"o","1254":"c","1255":"k","1256":" ","1257":"m","1258":"r","1259":"-","1260":"5","1261":"\\","1262":"\"","1263":"\\","1264":"r","1265":"\\","1266":"n","1267":" ","1268":" ","1269":" ","1270":" ","1271":" ","1272":" ","1273":" ","1274":" ","1275":" ","1276":" ","1277":" ","1278":" ","1279":" ","1280":" ","1281":">","1282":"\\","1283":"r","1284":"\\","1285":"n","1286":" ","1287":" ","1288":" ","1289":" ","1290":" ","1291":" ","1292":" ","1293":" ","1294":" ","1295":" ","1296":" ","1297":" ","1298":" ","1299":" ","1300":" ","1301":" ","1302":"{","1303":"{","1304":" ","1305":"l","1306":"o","1307":"c","1308":"a","1309":"t","1310":"i","1311":"o","1312":"n","1313":" ","1314":"}","1315":"}","1316":"\\","1317":"r","1318":"\\","1319":"n","1320":" ","1321":" ","1322":" ","1323":" ","1324":" ","1325":" ","1326":" ","1327":" ","1328":" ","1329":" ","1330":" ","1331":" ","1332":" ","1333":" ","1334":"<","1335":"/","1336":"l","1337":"i","1338":">","1339":"\\","1340":"r","1341":"\\","1342":"n","1343":" ","1344":" ","1345":" ","1346":" ","1347":" ","1348":" ","1349":" ","1350":" ","1351":" ","1352":" ","1353":" ","1354":" ","1355":"<","1356":"/","1357":"u","1358":"l","1359":">","1360":"\\","1361":"r","1362":"\\","1363":"n","1364":" ","1365":" ","1366":" ","1367":" ","1368":" ","1369":" ","1370":" ","1371":" ","1372":" ","1373":" ","1374":"<","1375":"/","1376":"d","1377":"i","1378":"v","1379":">","1380":"\\","1381":"r","1382":"\\","1383":"n","1384":" ","1385":" ","1386":" ","1387":" ","1388":" ","1389":" ","1390":" ","1391":" ","1392":"<","1393":"/","1394":"d","1395":"i","1396":"v","1397":">","1398":"\\","1399":"r","1400":"\\","1401":"n","1402":"\\","1403":"r","1404":"\\","1405":"n","1406":" ","1407":" ","1408":" ","1409":" ","1410":" ","1411":" ","1412":" ","1413":" ","1414":"<","1415":"d","1416":"i","1417":"v","1418":" ","1419":"c","1420":"l","1421":"a","1422":"s","1423":"s","1424":"=","1425":"\\","1426":"\"","1427":"p","1428":"x","1429":"-","1430":"8","1431":" ","1432":"p","1433":"y","1434":"-","1435":"4","1436":"\\","1437":"\"","1438":">","1439":"\\","1440":"r","1441":"\\","1442":"n","1443":" ","1444":" ","1445":" ","1446":" ","1447":" ","1448":" ","1449":" ","1450":" ","1451":" ","1452":" ","1453":"<","1454":"d","1455":"i","1456":"v","1457":">","1458":"\\","1459":"r","1460":"\\","1461":"n","1462":" ","1463":" ","1464":" ","1465":" ","1466":" ","1467":" ","1468":" ","1469":" ","1470":" ","1471":" ","1472":" ","1473":" ","1474":"<","1475":"h","1476":"3","1477":" ","1478":"c","1479":"l","1480":"a","1481":"s","1482":"s","1483":"=","1484":"\\","1485":"\"","1486":"m","1487":"t","1488":"-","1489":"1","1490":" ","1491":"m","1492":"b","1493":"-","1494":"2","1495":"\\","1496":"\"","1497":">","1498":"Q","1499":"u","1500":"a","1501":"l","1502":"i","1503":"f","1504":"i","1505":"c","1506":"a","1507":"t","1508":"i","1509":"o","1510":"n","1511":"s","1512":"<","1513":"/","1514":"h","1515":"3","1516":">","1517":"\\","1518":"r","1519":"\\","1520":"n","1521":" ","1522":" ","1523":" ","1524":" ","1525":" ","1526":" ","1527":" ","1528":" ","1529":" ","1530":" ","1531":" ","1532":" ","1533":"<","1534":"d","1535":"i","1536":"v","1537":">","1538":"\\","1539":"r","1540":"\\","1541":"n","1542":" ","1543":" ","1544":" ","1545":" ","1546":" ","1547":" ","1548":" ","1549":" ","1550":" ","1551":" ","1552":" ","1553":" ","1554":" ","1555":" ","1556":"<","1557":"u","1558":"l","1559":" ","1560":"c","1561":"l","1562":"a","1563":"s","1564":"s","1565":"=","1566":"\\","1567":"\"","1568":"p","1569":"l","1570":"-","1571":"8","1572":" ","1573":"l","1574":"i","1575":"s","1576":"t","1577":"-","1578":"d","1579":"i","1580":"s","1581":"c","1582":"\\","1583":"\"","1584":">","1585":"\\","1586":"r","1587":"\\","1588":"n","1589":" ","1590":" ","1591":" ","1592":" ","1593":" ","1594":" ","1595":" ","1596":" ","1597":" ","1598":" ","1599":" ","1600":" ","1601":" ","1602":" ","1603":" ","1604":" ","1605":"<","1606":"l","1607":"i","1608":"\\","1609":"r","1610":"\\","1611":"n","1612":" ","1613":" ","1614":" ","1615":" ","1616":" ","1617":" ","1618":" ","1619":" ","1620":" ","1621":" ","1622":" ","1623":" ","1624":" ","1625":" ","1626":" ","1627":" ","1628":" ","1629":" ","1630":"v","1631":"-","1632":"f","1633":"o","1634":"r","1635":"=","1636":"\\","1637":"\"","1638":"q","1639":"u","1640":"a","1641":"l","1642":"i","1643":"f","1644":"i","1645":"c","1646":"a","1647":"t","1648":"i","1649":"o","1650":"n","1651":" ","1652":"i","1653":"n","1654":" ","1655":"j","1656":"o","1657":"b","1658":".","1659":"m","1660":"i","1661":"n","1662":"i","1663":"m","1664":"u","1665":"m","1666":"Q","1667":"u","1668":"a","1669":"l","1670":"i","1671":"f","1672":"i","1673":"c","1674":"a","1675":"t","1676":"i","1677":"o","1678":"n","1679":"s","1680":"\\","1681":"\"","1682":"\\","1683":"r","1684":"\\","1685":"n","1686":" ","1687":" ","1688":" ","1689":" ","1690":" ","1691":" ","1692":" ","1693":" ","1694":" ","1695":" ","1696":" ","1697":" ","1698":" ","1699":" ","1700":" ","1701":" ","1702":" ","1703":" ","1704":":","1705":"k","1706":"e","1707":"y","1708":"=","1709":"\\","1710":"\"","1711":"q","1712":"u","1713":"a","1714":"l","1715":"i","1716":"f","1717":"i","1718":"c","1719":"a","1720":"t","1721":"i","1722":"o","1723":"n","1724":"\\","1725":"\"","1726":"\\","1727":"r","1728":"\\","1729":"n","1730":" ","1731":" ","1732":" ","1733":" ","1734":" ","1735":" ","1736":" ","1737":" ","1738":" ","1739":" ","1740":" ","1741":" ","1742":" ","1743":" ","1744":" ","1745":" ","1746":">","1747":"\\","1748":"r","1749":"\\","1750":"n","1751":" ","1752":" ","1753":" ","1754":" ","1755":" ","1756":" ","1757":" ","1758":" ","1759":" ","1760":" ","1761":" ","1762":" ","1763":" ","1764":" ","1765":" ","1766":" ","1767":" ","1768":" ","1769":"{","1770":"{","1771":" ","1772":"q","1773":"u","1774":"a","1775":"l","1776":"i","1777":"f","1778":"i","1779":"c","1780":"a","1781":"t","1782":"i","1783":"o","1784":"n","1785":" ","1786":"}","1787":"}","1788":"\\","1789":"r","1790":"\\","1791":"n","1792":" ","1793":" ","1794":" ","1795":" ","1796":" ","1797":" ","1798":" ","1799":" ","1800":" ","1801":" ","1802":" ","1803":" ","1804":" ","1805":" ","1806":" ","1807":" ","1808":"<","1809":"/","1810":"l","1811":"i","1812":">","1813":"\\","1814":"r","1815":"\\","1816":"n","1817":" ","1818":" ","1819":" ","1820":" ","1821":" ","1822":" ","1823":" ","1824":" ","1825":" ","1826":" ","1827":" ","1828":" ","1829":" ","1830":" ","1831":"<","1832":"/","1833":"u","1834":"l","1835":">","1836":"\\","1837":"r","1838":"\\","1839":"n","1840":" ","1841":" ","1842":" ","1843":" ","1844":" ","1845":" ","1846":" ","1847":" ","1848":" ","1849":" ","1850":" ","1851":" ","1852":"<","1853":"/","1854":"d","1855":"i","1856":"v","1857":">","1858":"\\","1859":"r","1860":"\\","1861":"n","1862":" ","1863":" ","1864":" ","1865":" ","1866":" ","1867":" ","1868":" ","1869":" ","1870":" ","1871":" ","1872":"<","1873":"/","1874":"d","1875":"i","1876":"v","1877":">","1878":"\\","1879":"r","1880":"\\","1881":"n","1882":"\\","1883":"r","1884":"\\","1885":"n","1886":" ","1887":" ","1888":" ","1889":" ","1890":" ","1891":" ","1892":" ","1893":" ","1894":" ","1895":" ","1896":"<","1897":"d","1898":"i","1899":"v","1900":" ","1901":"c","1902":"l","1903":"a","1904":"s","1905":"s","1906":"=","1907":"\\","1908":"\"","1909":"m","1910":"t","1911":"-","1912":"2","1913":" ","1914":"t","1915":"e","1916":"x","1917":"t","1918":"-","1919":"c","1920":"e","1921":"n","1922":"t","1923":"e","1924":"r","1925":"\\","1926":"\"","1927":">","1928":"\\","1929":"r","1930":"\\","1931":"n","1932":" ","1933":" ","1934":" ","1935":" ","1936":" ","1937":" ","1938":" ","1939":" ","1940":" ","1941":" ","1942":" ","1943":" ","1944":"<","1945":"r","1946":"o","1947":"u","1948":"t","1949":"e","1950":"r","1951":"-","1952":"l","1953":"i","1954":"n","1955":"k","1956":" ","1957":":","1958":"t","1959":"o","1960":"=","1961":"\\","1962":"\"","1963":"j","1964":"o","1965":"b","1966":"P","1967":"a","1968":"g","1969":"e","1970":"L","1971":"i","1972":"n","1973":"k","1974":"\\","1975":"\"","1976":" ","1977":"c","1978":"l","1979":"a","1980":"s","1981":"s","1982":"=","1983":"\\","1984":"\"","1985":"t","1986":"e","1987":"x","1988":"t","1989":"-","1990":"b","1991":"r","1992":"a","1993":"n","1994":"d","1995":"-","1996":"b","1997":"l","1998":"u","1999":"e","2000":"-","2001":"1","2002":"\\","2003":"\"","2004":"\\","2005":"r","2006":"\\","2007":"n","2008":" ","2009":" ","2010":" ","2011":" ","2012":" ","2013":" ","2014":" ","2015":" ","2016":" ","2017":" ","2018":" ","2019":" ","2020":" ","2021":" ","2022":">","2023":"E","2024":"x","2025":"p","2026":"a","2027":"n","2028":"d","2029":"<","2030":"/","2031":"r","2032":"o","2033":"u","2034":"t","2035":"e","2036":"r","2037":"-","2038":"l","2039":"i","2040":"n","2041":"k","2042":"\\","2043":"r","2044":"\\","2045":"n","2046":" ","2047":" ","2048":" ","2049":" ","2050":" ","2051":" ","2052":" ","2053":" ","2054":" ","2055":" ","2056":" ","2057":" ","2058":">","2059":"\\","2060":"r","2061":"\\","2062":"n","2063":" ","2064":" ","2065":" ","2066":" ","2067":" ","2068":" ","2069":" ","2070":" ","2071":" ","2072":" ","2073":"<","2074":"/","2075":"d","2076":"i","2077":"v","2078":">","2079":"\\","2080":"r","2081":"\\","2082":"n","2083":" ","2084":" ","2085":" ","2086":" ","2087":" ","2088":" ","2089":" ","2090":" ","2091":"<","2092":"/","2093":"d","2094":"i","2095":"v","2096":">","2097":"\\","2098":"r","2099":"\\","2100":"n","2101":" ","2102":" ","2103":" ","2104":" ","2105":" ","2106":" ","2107":"<","2108":"/","2109":"d","2110":"i","2111":"v","2112":">","2113":"\\","2114":"r","2115":"\\","2116":"n","2117":" ","2118":" ","2119":" ","2120":" ","2121":"<","2122":"/","2123":"r","2124":"o","2125":"u","2126":"t","2127":"e","2128":"r","2129":"-","2130":"l","2131":"i","2132":"n","2133":"k","2134":">","2135":"\\","2136":"r","2137":"\\","2138":"n","2139":" ","2140":" ","2141":"<","2142":"/","2143":"l","2144":"i","2145":">","2146":"\\","2147":"r","2148":"\\","2149":"n","2150":"<","2151":"/","2152":"t","2153":"e","2154":"m","2155":"p","2156":"l","2157":"a","2158":"t","2159":"e","2160":">","2161":"\\","2162":"r","2163":"\\","2164":"n","2165":"\\","2166":"r","2167":"\\","2168":"n","2169":"<","2170":"s","2171":"c","2172":"r","2173":"i","2174":"p","2175":"t","2176":">","2177":"\\","2178":"r","2179":"\\","2180":"n","2181":"e","2182":"x","2183":"p","2184":"o","2185":"r","2186":"t","2187":" ","2188":"d","2189":"e","2190":"f","2191":"a","2192":"u","2193":"l","2194":"t","2195":" ","2196":"{","2197":"\\","2198":"r","2199":"\\","2200":"n","2201":" ","2202":" ","2203":"n","2204":"a","2205":"m","2206":"e","2207":":","2208":" ","2209":"\\","2210":"\"","2211":"J","2212":"o","2213":"b","2214":"L","2215":"i","2216":"s","2217":"t","2218":"i","2219":"n","2220":"g","2221":"\\","2222":"\"","2223":",","2224":"\\","2225":"r","2226":"\\","2227":"n","2228":" ","2229":" ","2230":"p","2231":"r","2232":"o","2233":"p","2234":"s","2235":":","2236":" ","2237":"{","2238":"\\","2239":"r","2240":"\\","2241":"n","2242":" ","2243":" ","2244":" ","2245":" ","2246":"j","2247":"o","2248":"b","2249":":","2250":" ","2251":"{","2252":"\\","2253":"r","2254":"\\","2255":"n","2256":" ","2257":" ","2258":" ","2259":" ","2260":" ","2261":" ","2262":"t","2263":"y","2264":"p","2265":"e","2266":":","2267":" ","2268":"O","2269":"b","2270":"j","2271":"e","2272":"c","2273":"t","2274":",","2275":"\\","2276":"r","2277":"\\","2278":"n","2279":" ","2280":" ","2281":" ","2282":" ","2283":" ","2284":" ","2285":"r","2286":"e","2287":"q","2288":"u","2289":"i","2290":"r","2291":"e","2292":"d","2293":":","2294":" ","2295":"t","2296":"r","2297":"u","2298":"e","2299":",","2300":"\\","2301":"r","2302":"\\","2303":"n","2304":" ","2305":" ","2306":" ","2307":" ","2308":"}","2309":",","2310":"\\","2311":"r","2312":"\\","2313":"n","2314":" ","2315":" ","2316":"}","2317":",","2318":"\\","2319":"r","2320":"\\","2321":"n","2322":" ","2323":" ","2324":"c","2325":"o","2326":"m","2327":"p","2328":"u","2329":"t","2330":"e","2331":"d","2332":":","2333":" ","2334":"{","2335":"\\","2336":"r","2337":"\\","2338":"n","2339":" ","2340":" ","2341":" ","2342":" ","2343":"j","2344":"o","2345":"b","2346":"P","2347":"a","2348":"g","2349":"e","2350":"L","2351":"i","2352":"n","2353":"k","2354":"(","2355":")","2356":" ","2357":"{","2358":"\\","2359":"r","2360":"\\","2361":"n","2362":" ","2363":" ","2364":" ","2365":" ","2366":" ","2367":" ","2368":"r","2369":"e","2370":"t","2371":"u","2372":"r","2373":"n","2374":" ","2375":"`","2376":"j","2377":"o","2378":"b","2379":"s","2380":"/","2381":"r","2382":"e","2383":"s","2384":"u","2385":"l","2386":"t","2387":"s","2388":"/","2389":"$","2390":"{","2391":"t","2392":"h","2393":"i","2394":"s","2395":".","2396":"j","2397":"o","2398":"b","2399":".","2400":"i","2401":"d","2402":"}","2403":"`","2404":";","2405":"\\","2406":"r","2407":"\\","2408":"n","2409":" ","2410":" ","2411":" ","2412":" ","2413":"}","2414":",","2415":"\\","2416":"r","2417":"\\","2418":"n","2419":" ","2420":" ","2421":"}","2422":",","2423":"\\","2424":"r","2425":"\\","2426":"n","2427":"}","2428":";","2429":"\\","2430":"r","2431":"\\","2432":"n","2433":"<","2434":"/","2435":"s","2436":"c","2437":"r","2438":"i","2439":"p","2440":"t","2441":">","2442":"\\","2443":"r","2444":"\\","2445":"n","2446":"\\","2447":"r","2448":"\\","2449":"n","2450":"<","2451":"s","2452":"t","2453":"y","2454":"l","2455":"e","2456":" ","2457":"s","2458":"c","2459":"o","2460":"p","2461":"e","2462":"d","2463":">","2464":"<","2465":"/","2466":"s","2467":"t","2468":"y","2469":"l","2470":"e","2471":">","2472":"\\","2473":"r","2474":"\\","2475":"n","2476":"\"","2477":"]","2478":"}"},"_coverageSchema":"1a1c01bbd47fc00a2c39e90264f33305004495a9","hash":"401dafc235566001fd8b9c02c34edc07d1d4d2fd"}
,"C:\\Users\\KENULE-NWINEE\\Documents\\vscode projs\\Vue\\ken-job-search\\src\\components\\JobResults\\JobListings.vue": {"path":"C:\\Users\\KENULE-NWINEE\\Documents\\vscode projs\\Vue\\ken-job-search\\src\\components\\JobResults\\JobListings.vue","statementMap":{"0":{"start":{"line":4,"column":29},"end":{"line":4,"column":173}},"1":{"start":{"line":5,"column":0},"end":{"line":7,"column":3}},"2":{"start":{"line":8,"column":0},"end":{"line":8,"column":25}},"3":{"start":{"line":81,"column":0},"end":{"line":81,"column":13}},"4":{"start":{"line":83,"column":0},"end":{"line":85,"column":3}},"5":{"start":{"line":86,"column":0},"end":{"line":86,"column":24}},"6":{"start":{"line":87,"column":11},"end":{"line":87,"column":25}},"7":{"start":{"line":88,"column":19},"end":{"line":90,"column":1}},"8":{"start":{"line":91,"column":19},"end":{"line":93,"column":1}},"9":{"start":{"line":94,"column":19},"end":{"line":96,"column":1}},"10":{"start":{"line":97,"column":19},"end":{"line":99,"column":1}},"11":{"start":{"line":100,"column":19},"end":{"line":102,"column":1}},"12":{"start":{"line":104,"column":32},"end":{"line":104,"column":72}},"13":{"start":{"line":105,"column":33},"end":{"line":105,"column":74}},"14":{"start":{"line":106,"column":2},"end":{"line":138,"column":82}},"15":{"start":{"line":107,"column":4},"end":{"line":111,"column":37}},"16":{"start":{"line":123,"column":37},"end":{"line":123,"column":76}},"17":{"start":{"line":136,"column":37},"end":{"line":136,"column":72}},"18":{"start":{"line":139,"column":2},"end":{"line":139,"column":49}}},"fnMap":{"0":{"name":"render","decl":{"start":{"line":103,"column":9},"end":{"line":103,"column":15}},"loc":{"start":{"line":103,"column":30},"end":{"line":139,"column":1}},"line":103},"1":{"name":"(anonymous_1)","decl":{"start":{"line":106,"column":243},"end":{"line":106,"column":244}},"loc":{"start":{"line":106,"column":250},"end":{"line":112,"column":3}},"line":106},"2":{"name":"(anonymous_2)","decl":{"start":{"line":123,"column":31},"end":{"line":123,"column":32}},"loc":{"start":{"line":123,"column":37},"end":{"line":123,"column":76}},"line":123},"3":{"name":"(anonymous_3)","decl":{"start":{"line":136,"column":31},"end":{"line":136,"column":32}},"loc":{"start":{"line":136,"column":37},"end":{"line":136,"column":72}},"line":136}},"branchMap":{"0":{"loc":{"start":{"line":112,"column":299},"end":{"line":125,"column":73}},"type":"cond-expr","locations":[{"start":{"line":112,"column":320},"end":{"line":125,"column":27}},{"start":{"line":125,"column":31},"end":{"line":125,"column":73}}],"line":112},"1":{"loc":{"start":{"line":125,"column":75},"end":{"line":138,"column":73}},"type":"cond-expr","locations":[{"start":{"line":125,"column":92},"end":{"line":138,"column":27}},{"start":{"line":138,"column":31},"end":{"line":138,"column":73}}],"line":125}},"s":{"0":1,"1":1,"2":1,"3":1,"4":1,"5":1,"6":1,"7":1,"8":1,"9":1,"10":1,"11":1,"12":1,"13":1,"14":1,"15":0,"16":0,"17":0,"18":1},"f":{"0":1,"1":0,"2":0,"3":0},"b":{"0":[0,1],"1":[0,1]},"inputSourceMap":{"0":"{","1":"\"","2":"v","3":"e","4":"r","5":"s","6":"i","7":"o","8":"n","9":"\"","10":":","11":"3","12":",","13":"\"","14":"s","15":"o","16":"u","17":"r","18":"c","19":"e","20":"s","21":"\"","22":":","23":"[","24":"\"","25":"C","26":":","27":"\\","28":"\\","29":"U","30":"s","31":"e","32":"r","33":"s","34":"\\","35":"\\","36":"K","37":"E","38":"N","39":"U","40":"L","41":"E","42":"-","43":"N","44":"W","45":"I","46":"N","47":"E","48":"E","49":"\\","50":"\\","51":"D","52":"o","53":"c","54":"u","55":"m","56":"e","57":"n","58":"t","59":"s","60":"\\","61":"\\","62":"v","63":"s","64":"c","65":"o","66":"d","67":"e","68":" ","69":"p","70":"r","71":"o","72":"j","73":"s","74":"\\","75":"\\","76":"V","77":"u","78":"e","79":"\\","80":"\\","81":"k","82":"e","83":"n","84":"-","85":"j","86":"o","87":"b","88":"-","89":"s","90":"e","91":"a","92":"r","93":"c","94":"h","95":"\\","96":"\\","97":"s","98":"r","99":"c","100":"\\","101":"\\","102":"c","103":"o","104":"m","105":"p","106":"o","107":"n","108":"e","109":"n","110":"t","111":"s","112":"\\","113":"\\","114":"J","115":"o","116":"b","117":"R","118":"e","119":"s","120":"u","121":"l","122":"t","123":"s","124":"\\","125":"\\","126":"J","127":"o","128":"b","129":"L","130":"i","131":"s","132":"t","133":"i","134":"n","135":"g","136":"s","137":".","138":"v","139":"u","140":"e","141":"\"","142":"]","143":",","144":"\"","145":"n","146":"a","147":"m","148":"e","149":"s","150":"\"","151":":","152":"[","153":"]","154":",","155":"\"","156":"m","157":"a","158":"p","159":"p","160":"i","161":"n","162":"g","163":"s","164":"\"","165":":","166":"\"","167":";","168":";","169":";","170":";","171":";","172":";","173":";","174":";","175":"A","176":"A","177":"s","178":"C","179":"A","180":";","181":"A","182":"A","183":"A","184":"A","185":";","186":"A","187":"A","188":"A","189":"A","190":";","191":"A","192":"A","193":"C","194":"A","195":";","196":"A","197":"A","198":"A","199":"A","200":";","201":"A","202":"A","203":"A","204":"A","205":";","206":"A","207":"A","208":"C","209":"A","210":";","211":"A","212":"A","213":"A","214":"A","215":";","216":"A","217":"A","218":"A","219":"A","220":";","221":"A","222":"A","223":"A","224":"8","225":"D","226":";","227":"A","228":"A","229":"A","230":"A","231":",","232":"e","233":"A","234":"E","235":"/","236":"C","237":";","238":"E","239":"A","240":"C","241":"b","242":",","243":"I","244":"A","245":"A","246":"I","247":",","248":"E","249":"A","250":"A","251":"E","252":",","253":"a","254":"A","255":"A","256":"a","257":";","258":"E","259":"A","260":"C","261":"n","262":"B","263":",","264":"U","265":"A","266":"A","267":"U","268":",","269":"E","270":"A","271":"A","272":"E","273":";","274":"I","275":"A","276":"C","277":"V","278":",","279":"U","280":"A","281":"A","282":"U","283":";","284":"I","285":"A","286":"A","287":"V","288":";","289":"I","290":"A","291":"A","292":"A","293":";","294":"I","295":"A","296":"A","297":"A","298":";","299":"I","300":"A","301":"A","302":"A","303":";","304":"E","305":"A","306":"C","307":"F","308":",","309":"C","310":"A","311":"A","312":"C","313":";","314":"E","315":"A","316":"C","317":"D","318":",","319":"Q","320":"A","321":"A","322":"Q","323":",","324":"E","325":"A","326":"A","327":"E","328":";","329":"I","330":"A","331":"C","332":"R","333":";","334":"I","335":"A","336":"A","337":"G","338":";","339":"I","340":"A","341":"A","342":"A","343":";","344":"I","345":"A","346":"A","347":"A","348":";","349":"I","350":"A","351":"A","352":"A","353":";","354":"I","355":"A","356":"A","357":"A","358":";","359":"I","360":"A","361":"A","362":"A","363":",","364":"U","365":"A","366":"A","367":"U","368":",","369":"E","370":"A","371":"A","372":"C","373":";","374":"I","375":"A","376":"A","377":"C","378":";","379":"I","380":"A","381":"A","382":"A","383":";","384":"I","385":"A","386":"A","387":"A","388":";","389":"I","390":"A","391":"A","392":"A","393":",","394":"a","395":"A","396":"A","397":"a","398":",","399":"C","400":"A","401":"A","402":"C","403":",","404":"C","405":"A","406":"A","407":"C","408":";","409":"I","410":"A","411":"E","412":"9","413":"B","414":",","415":"W","416":"A","417":"A","418":"W","419":",","420":"G","421":"A","422":"A","423":"G","424":";","425":"M","426":"A","427":"C","428":"Z","429":",","430":"M","431":"A","432":"A","433":"M","434":",","435":"U","436":"A","437":"A","438":"U","439":",","440":"G","441":"A","442":"A","443":"G","444":",","445":"I","446":"A","447":"A","448":"I","449":",","450":"C","451":"A","452":"A","453":"C","454":",","455":"M","456":"A","457":"A","458":"M","459":",","460":"C","461":"A","462":"A","463":"C","464":",","465":"K","466":"A","467":"A","468":"K","469":",","470":"C","471":"A","472":"A","473":"C","474":",","475":"I","476":"A","477":"A","478":"I","479":",","480":"I","481":"A","482":"A","483":"I","484":",","485":"G","486":"A","487":"A","488":"G","489":";","490":"M","491":"A","492":"C","493":"h","494":"D","495":",","496":"O","497":"A","498":"A","499":"O","500":",","501":"M","502":"A","503":"A","504":"M","505":",","506":"C","507":"A","508":"A","509":"C","510":",","511":"Q","512":"A","513":"A","514":"Q","515":",","516":"C","517":"A","518":"A","519":"C","520":",","521":"U","522":"A","523":"A","524":"U","525":",","526":"C","527":"A","528":"A","529":"C","530":";","531":"I","532":"A","533":"C","534":"p","535":"C","536":",","537":"C","538":"A","539":"A","540":"C","541":";","542":"I","543":"A","544":"C","545":"D","546":",","547":"Y","548":"A","549":"A","550":"Y","551":",","552":"G","553":"A","554":"A","555":"G","556":";","557":"M","558":"A","559":"C","560":"b","561":",","562":"M","563":"A","564":"A","565":"M","566":",","567":"Q","568":"A","569":"A","570":"Q","571":",","572":"G","573":"A","574":"A","575":"G","576":",","577":"I","578":"A","579":"A","580":"I","581":",","582":"C","583":"A","584":"A","585":"C","586":",","587":"W","588":"A","589":"A","590":"W","591":",","592":"G","593":"A","594":"A","595":"G","596":",","597":"C","598":"A","599":"A","600":"C","601":";","602":"M","603":"A","604":"C","605":"r","606":"C","607":",","608":"M","609":"A","610":"A","611":"M","612":",","613":"S","614":"A","615":"A","616":"S","617":",","618":"G","619":"A","620":"A","621":"G","622":",","623":"C","624":"A","625":"A","626":"C","627":";","628":"M","629":"A","630":"C","631":"n","632":"B","633":",","634":"O","635":"A","636":"A","637":"O","638":",","639":"Q","640":"A","641":"A","642":"Q","643":",","644":"I","645":"A","646":"A","647":"I","648":",","649":"S","650":"A","651":"A","652":"S","653":",","654":"G","655":"A","656":"A","657":"G","658":",","659":"Q","660":"A","661":"A","662":"Q","663":",","664":"G","665":"A","666":"A","667":"G","668":",","669":"S","670":"A","671":"A","672":"S","673":";","674":"I","675":"A","676":"C","677":"r","678":"D","679":",","680":"C","681":"A","682":"A","683":"C","684":";","685":"I","686":"A","687":"C","688":"D","689":",","690":"Q","691":"A","692":"A","693":"Q","694":",","695":"G","696":"A","697":"A","698":"G","699":";","700":"M","701":"A","702":"C","703":"T","704":",","705":"M","706":"A","707":"A","708":"M","709":",","710":"Q","711":"A","712":"A","713":"Q","714":",","715":"G","716":"A","717":"A","718":"G","719":",","720":"I","721":"A","722":"A","723":"I","724":",","725":"C","726":"A","727":"A","728":"C","729":",","730":"W","731":"A","732":"A","733":"W","734":",","735":"G","736":"A","737":"A","738":"G","739":",","740":"C","741":"A","742":"A","743":"C","744":";","745":"M","746":"A","747":"C","748":"r","749":"C","750":",","751":"M","752":"A","753":"A","754":"M","755":",","756":"O","757":"A","758":"A","759":"O","760":",","761":"G","762":"A","763":"A","764":"G","765":",","766":"I","767":"A","768":"A","769":"I","770":",","771":"C","772":"A","773":"A","774":"C","775":",","776":"I","777":"A","778":"A","779":"I","780":",","781":"C","782":"A","783":"A","784":"C","785":",","786":"I","787":"A","788":"A","789":"I","790":",","791":"C","792":"A","793":"A","794":"C","795":",","796":"a","797":"A","798":"A","799":"a","800":",","801":"C","802":"A","803":"A","804":"C","805":",","806":"M","807":"A","808":"A","809":"M","810":",","811":"G","812":"A","813":"A","814":"G","815":",","816":"E","817":"A","818":"A","819":"E","820":",","821":"C","822":"A","823":"A","824":"C","825":";","826":"M","827":"A","828":"C","829":"z","830":"D","831":",","832":"O","833":"A","834":"A","835":"O","836":",","837":"Q","838":"A","839":"A","840":"Q","841":",","842":"I","843":"A","844":"A","845":"I","846":",","847":"O","848":"A","849":"A","850":"O","851":",","852":"G","853":"A","854":"A","855":"G","856":",","857":"Q","858":"A","859":"A","860":"Q","861":",","862":"G","863":"A","864":"A","865":"G","866":",","867":"S","868":"A","869":"A","870":"S","871":";","872":"I","873":"A","874":"C","875":"n","876":"D","877":",","878":"C","879":"A","880":"A","881":"C","882":";","883":"I","884":"A","885":"C","886":"D","887":",","888":"a","889":"A","890":"A","891":"a","892":",","893":"G","894":"A","895":"A","896":"G","897":";","898":"M","899":"A","900":"C","901":"d","902":",","903":"M","904":"A","905":"A","906":"M","907":",","908":"U","909":"A","910":"A","911":"U","912":",","913":"G","914":"A","915":"A","916":"G","917":",","918":"I","919":"A","920":"A","921":"I","922":",","923":"C","924":"A","925":"A","926":"C","927":",","928":"W","929":"A","930":"A","931":"W","932":";","933":"M","934":"A","935":"C","936":"n","937":"C","938":",","939":"M","940":"A","941":"A","942":"M","943":",","944":"a","945":"A","946":"A","947":"a","948":",","949":"G","950":"A","951":"A","952":"G","953":",","954":"C","955":"A","956":"A","957":"C","958":",","959":"U","960":"A","961":"A","962":"U","963":",","964":"G","965":"A","966":"A","967":"G","968":",","969":"C","970":"A","971":"A","972":"C","973":",","974":"I","975":"A","976":"A","977":"I","978":",","979":"E","980":"A","981":"A","982":"E","983":";","984":"M","985":"A","986":"C","987":"3","988":"C","989":",","990":"M","991":"A","992":"A","993":"M","994":",","995":"Y","996":"A","997":"A","998":"Y","999":",","1000":"G","1001":"A","1002":"A","1003":"G","1004":",","1005":"U","1006":"A","1007":"A","1008":"U","1009":",","1010":"G","1011":"A","1012":"A","1013":"G","1014":",","1015":"E","1016":"A","1017":"A","1018":"E","1019":";","1020":"M","1021":"A","1022":"C","1023":"p","1024":"C","1025":",","1026":"O","1027":"A","1028":"A","1029":"O","1030":",","1031":"C","1032":"A","1033":"A","1034":"C","1035":",","1036":"G","1037":"A","1038":"A","1039":"G","1040":",","1041":"C","1042":"A","1043":"A","1044":"C","1045":",","1046":"I","1047":"A","1048":"A","1049":"I","1050":",","1051":"C","1052":"A","1053":"A","1054":"C","1055":",","1056":"a","1057":"A","1058":"A","1059":"a","1060":",","1061":"C","1062":"A","1063":"A","1064":"C","1065":";","1066":"M","1067":"A","1068":"C","1069":"/","1070":"B","1071":",","1072":"O","1073":"A","1074":"A","1075":"O","1076":",","1077":"I","1078":"A","1079":"A","1080":"I","1081":",","1082":"C","1083":"A","1084":"A","1085":"C","1086":",","1087":"a","1088":"A","1089":"A","1090":"a","1091":",","1092":"C","1093":"A","1094":"A","1095":"C","1096":",","1097":"K","1098":"A","1099":"A","1100":"K","1101":",","1102":"C","1103":"A","1104":"A","1105":"C","1106":",","1107":"a","1108":"A","1109":"A","1110":"a","1111":",","1112":"E","1113":"A","1114":"A","1115":"E","1116":",","1117":"Y","1118":"A","1119":"A","1120":"Y","1121":",","1122":"C","1123":"A","1124":"A","1125":"C","1126":";","1127":"I","1128":"A","1129":"C","1130":"9","1131":"D","1132":";","1133":"E","1134":"A","1135":"C","1136":"F","1137":",","1138":"C","1139":"A","1140":"A","1141":"C","1142":";","1143":"E","1144":"A","1145":"C","1146":"D","1147":",","1148":"M","1149":"A","1150":"A","1151":"M","1152":",","1153":"O","1154":"A","1155":"A","1156":"O","1157":",","1158":"G","1159":"A","1160":"A","1161":"G","1162":";","1163":"I","1164":"A","1165":"C","1166":"d","1167":",","1168":"I","1169":"A","1170":"A","1171":"I","1172":",","1173":"C","1174":"A","1175":"A","1176":"C","1177":",","1178":"U","1179":"A","1180":"A","1181":"U","1182":",","1183":"E","1184":"A","1185":"A","1186":"E","1187":";","1188":"E","1189":"A","1190":"C","1191":"n","1192":"B","1193":",","1194":"C","1195":"A","1196":"A","1197":"C","1198":";","1199":"E","1200":"A","1201":"C","1202":"D","1203":",","1204":"O","1205":"A","1206":"A","1207":"O","1208":",","1209":"E","1210":"A","1211":"A","1212":"E","1213":";","1214":"I","1215":"A","1216":"C","1217":"P","1218":";","1219":"I","1220":"A","1221":"A","1222":"G","1223":";","1224":"I","1225":"A","1226":"A","1227":"A","1228":";","1229":"I","1230":"A","1231":"A","1232":"A","1233":";","1234":"I","1235":"A","1236":"A","1237":"A","1238":";","1239":"I","1240":"A","1241":"A","1242":"A","1243":";","1244":"I","1245":"A","1246":"A","1247":"A","1248":",","1249":"U","1250":"A","1251":"A","1252":"U","1253":",","1254":"E","1255":"A","1256":"A","1257":"C","1258":";","1259":"I","1260":"A","1261":"A","1262":"C","1263":";","1264":"I","1265":"A","1266":"A","1267":"A","1268":";","1269":"I","1270":"A","1271":"A","1272":"A","1273":";","1274":"I","1275":"A","1276":"A","1277":"A","1278":",","1279":"U","1280":"A","1281":"A","1282":"U","1283":",","1284":"C","1285":"A","1286":"A","1287":"C","1288":";","1289":"E","1290":"A","1291":"C","1292":"5","1293":"B","1294":";","1295":"A","1296":"A","1297":"C","1298":"F","1299":",","1300":"C","1301":"A","1302":"A","1303":"C","1304":";","1305":"A","1306":"A","1307":"A","1308":"A","1309":";","1310":"A","1311":"A","1312":"A","1313":"A","1314":"\"","1315":",","1316":"\"","1317":"f","1318":"i","1319":"l","1320":"e","1321":"\"","1322":":","1323":"\"","1324":"C","1325":":","1326":"\\","1327":"\\","1328":"U","1329":"s","1330":"e","1331":"r","1332":"s","1333":"\\","1334":"\\","1335":"K","1336":"E","1337":"N","1338":"U","1339":"L","1340":"E","1341":"-","1342":"N","1343":"W","1344":"I","1345":"N","1346":"E","1347":"E","1348":"\\","1349":"\\","1350":"D","1351":"o","1352":"c","1353":"u","1354":"m","1355":"e","1356":"n","1357":"t","1358":"s","1359":"\\","1360":"\\","1361":"v","1362":"s","1363":"c","1364":"o","1365":"d","1366":"e","1367":" ","1368":"p","1369":"r","1370":"o","1371":"j","1372":"s","1373":"\\","1374":"\\","1375":"V","1376":"u","1377":"e","1378":"\\","1379":"\\","1380":"k","1381":"e","1382":"n","1383":"-","1384":"j","1385":"o","1386":"b","1387":"-","1388":"s","1389":"e","1390":"a","1391":"r","1392":"c","1393":"h","1394":"\\","1395":"\\","1396":"s","1397":"r","1398":"c","1399":"\\","1400":"\\","1401":"c","1402":"o","1403":"m","1404":"p","1405":"o","1406":"n","1407":"e","1408":"n","1409":"t","1410":"s","1411":"\\","1412":"\\","1413":"J","1414":"o","1415":"b","1416":"R","1417":"e","1418":"s","1419":"u","1420":"l","1421":"t","1422":"s","1423":"\\","1424":"\\","1425":"J","1426":"o","1427":"b","1428":"L","1429":"i","1430":"s","1431":"t","1432":"i","1433":"n","1434":"g","1435":"s","1436":".","1437":"v","1438":"u","1439":"e","1440":"\"","1441":",","1442":"\"","1443":"s","1444":"o","1445":"u","1446":"r","1447":"c","1448":"e","1449":"s","1450":"C","1451":"o","1452":"n","1453":"t","1454":"e","1455":"n","1456":"t","1457":"\"","1458":":","1459":"[","1460":"\"","1461":"<","1462":"t","1463":"e","1464":"m","1465":"p","1466":"l","1467":"a","1468":"t","1469":"e","1470":">","1471":"\\","1472":"r","1473":"\\","1474":"n","1475":" ","1476":" ","1477":"<","1478":"m","1479":"a","1480":"i","1481":"n","1482":" ","1483":"c","1484":"l","1485":"a","1486":"s","1487":"s","1488":"=","1489":"\\","1490":"\"","1491":"f","1492":"l","1493":"e","1494":"x","1495":"-","1496":"a","1497":"u","1498":"t","1499":"o","1500":" ","1501":"p","1502":"-","1503":"8","1504":" ","1505":"b","1506":"g","1507":"-","1508":"b","1509":"r","1510":"a","1511":"n","1512":"d","1513":"-","1514":"g","1515":"r","1516":"a","1517":"y","1518":"-","1519":"2","1520":"\\","1521":"\"","1522":">","1523":"\\","1524":"r","1525":"\\","1526":"n","1527":" ","1528":" ","1529":" ","1530":" ","1531":"<","1532":"o","1533":"l","1534":">","1535":"\\","1536":"r","1537":"\\","1538":"n","1539":" ","1540":" ","1541":" ","1542":" ","1543":" ","1544":" ","1545":"<","1546":"J","1547":"o","1548":"b","1549":"L","1550":"i","1551":"s","1552":"t","1553":"i","1554":"n","1555":"g","1556":"\\","1557":"r","1558":"\\","1559":"n","1560":" ","1561":" ","1562":" ","1563":" ","1564":" ","1565":" ","1566":" ","1567":" ","1568":"v","1569":"-","1570":"f","1571":"o","1572":"r","1573":"=","1574":"\\","1575":"\"","1576":"j","1577":"o","1578":"b","1579":" ","1580":"i","1581":"n","1582":" ","1583":"d","1584":"i","1585":"s","1586":"p","1587":"l","1588":"a","1589":"y","1590":"e","1591":"d","1592":"J","1593":"o","1594":"b","1595":"s","1596":"\\","1597":"\"","1598":"\\","1599":"r","1600":"\\","1601":"n","1602":" ","1603":" ","1604":" ","1605":" ","1606":" ","1607":" ","1608":" ","1609":" ","1610":":","1611":"k","1612":"e","1613":"y","1614":"=","1615":"\\","1616":"\"","1617":"j","1618":"o","1619":"b","1620":"\\","1621":"\"","1622":"\\","1623":"r","1624":"\\","1625":"n","1626":" ","1627":" ","1628":" ","1629":" ","1630":" ","1631":" ","1632":" ","1633":" ","1634":":","1635":"j","1636":"o","1637":"b","1638":"=","1639":"\\","1640":"\"","1641":"j","1642":"o","1643":"b","1644":"\\","1645":"\"","1646":"\\","1647":"r","1648":"\\","1649":"n","1650":" ","1651":" ","1652":" ","1653":" ","1654":" ","1655":" ","1656":" ","1657":" ","1658":"d","1659":"a","1660":"t","1661":"a","1662":"-","1663":"t","1664":"e","1665":"s","1666":"t","1667":"=","1668":"\\","1669":"\"","1670":"j","1671":"o","1672":"b","1673":"-","1674":"l","1675":"i","1676":"s","1677":"t","1678":"i","1679":"n","1680":"g","1681":"\\","1682":"\"","1683":"\\","1684":"r","1685":"\\","1686":"n","1687":" ","1688":" ","1689":" ","1690":" ","1691":" ","1692":" ","1693":"/","1694":">","1695":"\\","1696":"r","1697":"\\","1698":"n","1699":" ","1700":" ","1701":" ","1702":" ","1703":"<","1704":"/","1705":"o","1706":"l","1707":">","1708":"\\","1709":"r","1710":"\\","1711":"n","1712":"\\","1713":"r","1714":"\\","1715":"n","1716":" ","1717":" ","1718":" ","1719":" ","1720":"<","1721":"d","1722":"i","1723":"v","1724":" ","1725":"c","1726":"l","1727":"a","1728":"s","1729":"s","1730":"=","1731":"\\","1732":"\"","1733":"m","1734":"t","1735":"-","1736":"8","1737":" ","1738":"m","1739":"x","1740":"-","1741":"a","1742":"u","1743":"t","1744":"o","1745":"\\","1746":"\"","1747":">","1748":"\\","1749":"r","1750":"\\","1751":"n","1752":" ","1753":" ","1754":" ","1755":" ","1756":" ","1757":" ","1758":"<","1759":"d","1760":"i","1761":"v","1762":" ","1763":"c","1764":"l","1765":"a","1766":"s","1767":"s","1768":"=","1769":"\\","1770":"\"","1771":"f","1772":"l","1773":"e","1774":"x","1775":" ","1776":"f","1777":"l","1778":"e","1779":"x","1780":"-","1781":"r","1782":"o","1783":"w","1784":" ","1785":"f","1786":"l","1787":"e","1788":"x","1789":"-","1790":"n","1791":"o","1792":"w","1793":"r","1794":"a","1795":"p","1796":"\\","1797":"\"","1798":">","1799":"\\","1800":"r","1801":"\\","1802":"n","1803":" ","1804":" ","1805":" ","1806":" ","1807":" ","1808":" ","1809":" ","1810":" ","1811":"<","1812":"p","1813":" ","1814":"c","1815":"l","1816":"a","1817":"s","1818":"s","1819":"=","1820":"\\","1821":"\"","1822":"t","1823":"e","1824":"x","1825":"t","1826":"-","1827":"s","1828":"m","1829":" ","1830":"f","1831":"l","1832":"e","1833":"x","1834":"-","1835":"g","1836":"r","1837":"o","1838":"w","1839":"\\","1840":"\"","1841":">","1842":"P","1843":"a","1844":"g","1845":"e","1846":" ","1847":"{","1848":"{","1849":" ","1850":"c","1851":"u","1852":"r","1853":"r","1854":"e","1855":"n","1856":"t","1857":"P","1858":"a","1859":"g","1860":"e","1861":" ","1862":"}","1863":"}","1864":"<","1865":"/","1866":"p","1867":">","1868":"\\","1869":"r","1870":"\\","1871":"n","1872":"\\","1873":"r","1874":"\\","1875":"n","1876":" ","1877":" ","1878":" ","1879":" ","1880":" ","1881":" ","1882":" ","1883":" ","1884":"<","1885":"d","1886":"i","1887":"v","1888":" ","1889":"c","1890":"l","1891":"a","1892":"s","1893":"s","1894":"=","1895":"\\","1896":"\"","1897":"f","1898":"l","1899":"e","1900":"x","1901":" ","1902":"i","1903":"t","1904":"e","1905":"m","1906":"s","1907":"-","1908":"c","1909":"e","1910":"n","1911":"t","1912":"e","1913":"r","1914":" ","1915":"j","1916":"u","1917":"s","1918":"t","1919":"i","1920":"f","1921":"y","1922":"-","1923":"c","1924":"e","1925":"n","1926":"t","1927":"e","1928":"r","1929":"\\","1930":"\"","1931":">","1932":"\\","1933":"r","1934":"\\","1935":"n","1936":" ","1937":" ","1938":" ","1939":" ","1940":" ","1941":" ","1942":" ","1943":" ","1944":" ","1945":" ","1946":"<","1947":"r","1948":"o","1949":"u","1950":"t","1951":"e","1952":"r","1953":"-","1954":"l","1955":"i","1956":"n","1957":"k","1958":"\\","1959":"r","1960":"\\","1961":"n","1962":" ","1963":" ","1964":" ","1965":" ","1966":" ","1967":" ","1968":" ","1969":" ","1970":" ","1971":" ","1972":" ","1973":" ","1974":"v","1975":"-","1976":"i","1977":"f","1978":"=","1979":"\\","1980":"\"","1981":"p","1982":"r","1983":"e","1984":"v","1985":"i","1986":"o","1987":"u","1988":"s","1989":"P","1990":"a","1991":"g","1992":"e","1993":"\\","1994":"\"","1995":"\\","1996":"r","1997":"\\","1998":"n","1999":" ","2000":" ","2001":" ","2002":" ","2003":" ","2004":" ","2005":" ","2006":" ","2007":" ","2008":" ","2009":" ","2010":" ","2011":":","2012":"t","2013":"o","2014":"=","2015":"\\","2016":"\"","2017":"{","2018":" ","2019":"n","2020":"a","2021":"m","2022":"e","2023":":","2024":" ","2025":"'","2026":"j","2027":"o","2028":"b","2029":"R","2030":"e","2031":"s","2032":"u","2033":"l","2034":"t","2035":"s","2036":"'","2037":",","2038":" ","2039":"q","2040":"u","2041":"e","2042":"r","2043":"y","2044":":","2045":" ","2046":"{","2047":" ","2048":"p","2049":"a","2050":"g","2051":"e","2052":":","2053":" ","2054":"p","2055":"r","2056":"e","2057":"v","2058":"i","2059":"o","2060":"u","2061":"s","2062":"P","2063":"a","2064":"g","2065":"e","2066":" ","2067":"}","2068":" ","2069":"}","2070":"\\","2071":"\"","2072":"\\","2073":"r","2074":"\\","2075":"n","2076":" ","2077":" ","2078":" ","2079":" ","2080":" ","2081":" ","2082":" ","2083":" ","2084":" ","2085":" ","2086":" ","2087":" ","2088":"c","2089":"l","2090":"a","2091":"s","2092":"s","2093":"=","2094":"\\","2095":"\"","2096":"m","2097":"x","2098":"-","2099":"3","2100":" ","2101":"t","2102":"e","2103":"x","2104":"t","2105":"-","2106":"s","2107":"m","2108":" ","2109":"f","2110":"o","2111":"n","2112":"t","2113":"-","2114":"s","2115":"e","2116":"m","2117":"i","2118":"b","2119":"o","2120":"l","2121":"d","2122":" ","2123":"t","2124":"e","2125":"x","2126":"t","2127":"-","2128":"b","2129":"r","2130":"a","2131":"n","2132":"d","2133":"-","2134":"b","2135":"l","2136":"u","2137":"e","2138":"-","2139":"1","2140":"\\","2141":"\"","2142":"\\","2143":"r","2144":"\\","2145":"n","2146":" ","2147":" ","2148":" ","2149":" ","2150":" ","2151":" ","2152":" ","2153":" ","2154":" ","2155":" ","2156":" ","2157":" ","2158":"d","2159":"a","2160":"t","2161":"a","2162":"-","2163":"t","2164":"e","2165":"s","2166":"t","2167":"=","2168":"\\","2169":"\"","2170":"p","2171":"r","2172":"e","2173":"v","2174":"i","2175":"o","2176":"u","2177":"s","2178":"-","2179":"p","2180":"a","2181":"g","2182":"e","2183":"-","2184":"l","2185":"i","2186":"n","2187":"k","2188":"\\","2189":"\"","2190":"\\","2191":"r","2192":"\\","2193":"n","2194":" ","2195":" ","2196":" ","2197":" ","2198":" ","2199":" ","2200":" ","2201":" ","2202":" ","2203":" ","2204":" ","2205":" ","2206":">","2207":"P","2208":"r","2209":"e","2210":"v","2211":"i","2212":"o","2213":"u","2214":"s","2215":"<","2216":"/","2217":"r","2218":"o","2219":"u","2220":"t","2221":"e","2222":"r","2223":"-","2224":"l","2225":"i","2226":"n","2227":"k","2228":"\\","2229":"r","2230":"\\","2231":"n","2232":" ","2233":" ","2234":" ","2235":" ","2236":" ","2237":" ","2238":" ","2239":" ","2240":" ","2241":" ","2242":">","2243":"\\","2244":"r","2245":"\\","2246":"n","2247":"\\","2248":"r","2249":"\\","2250":"n","2251":" ","2252":" ","2253":" ","2254":" ","2255":" ","2256":" ","2257":" ","2258":" ","2259":" ","2260":" ","2261":"<","2262":"r","2263":"o","2264":"u","2265":"t","2266":"e","2267":"r","2268":"-","2269":"l","2270":"i","2271":"n","2272":"k","2273":"\\","2274":"r","2275":"\\","2276":"n","2277":" ","2278":" ","2279":" ","2280":" ","2281":" ","2282":" ","2283":" ","2284":" ","2285":" ","2286":" ","2287":" ","2288":" ","2289":"v","2290":"-","2291":"i","2292":"f","2293":"=","2294":"\\","2295":"\"","2296":"n","2297":"e","2298":"x","2299":"t","2300":"P","2301":"a","2302":"g","2303":"e","2304":"\\","2305":"\"","2306":"\\","2307":"r","2308":"\\","2309":"n","2310":" ","2311":" ","2312":" ","2313":" ","2314":" ","2315":" ","2316":" ","2317":" ","2318":" ","2319":" ","2320":" ","2321":" ","2322":":","2323":"t","2324":"o","2325":"=","2326":"\\","2327":"\"","2328":"{","2329":" ","2330":"n","2331":"a","2332":"m","2333":"e","2334":":","2335":" ","2336":"'","2337":"j","2338":"o","2339":"b","2340":"R","2341":"e","2342":"s","2343":"u","2344":"l","2345":"t","2346":"s","2347":"'","2348":",","2349":" ","2350":"q","2351":"u","2352":"e","2353":"r","2354":"y","2355":":","2356":" ","2357":"{","2358":" ","2359":"p","2360":"a","2361":"g","2362":"e","2363":":","2364":" ","2365":"n","2366":"e","2367":"x","2368":"t","2369":"P","2370":"a","2371":"g","2372":"e","2373":" ","2374":"}","2375":" ","2376":"}","2377":"\\","2378":"\"","2379":"\\","2380":"r","2381":"\\","2382":"n","2383":" ","2384":" ","2385":" ","2386":" ","2387":" ","2388":" ","2389":" ","2390":" ","2391":" ","2392":" ","2393":" ","2394":" ","2395":"c","2396":"l","2397":"a","2398":"s","2399":"s","2400":"=","2401":"\\","2402":"\"","2403":"m","2404":"x","2405":"-","2406":"3","2407":" ","2408":"t","2409":"e","2410":"x","2411":"t","2412":"-","2413":"s","2414":"m","2415":" ","2416":"f","2417":"o","2418":"n","2419":"t","2420":"-","2421":"s","2422":"e","2423":"m","2424":"i","2425":"b","2426":"o","2427":"l","2428":"d","2429":" ","2430":"t","2431":"e","2432":"x","2433":"t","2434":"-","2435":"b","2436":"r","2437":"a","2438":"n","2439":"d","2440":"-","2441":"b","2442":"l","2443":"u","2444":"e","2445":"-","2446":"1","2447":"\\","2448":"\"","2449":"\\","2450":"r","2451":"\\","2452":"n","2453":" ","2454":" ","2455":" ","2456":" ","2457":" ","2458":" ","2459":" ","2460":" ","2461":" ","2462":" ","2463":" ","2464":" ","2465":"d","2466":"a","2467":"t","2468":"a","2469":"-","2470":"t","2471":"e","2472":"s","2473":"t","2474":"=","2475":"\\","2476":"\"","2477":"n","2478":"e","2479":"x","2480":"t","2481":"-","2482":"p","2483":"a","2484":"g","2485":"e","2486":"-","2487":"l","2488":"i","2489":"n","2490":"k","2491":"\\","2492":"\"","2493":"\\","2494":"r","2495":"\\","2496":"n","2497":" ","2498":" ","2499":" ","2500":" ","2501":" ","2502":" ","2503":" ","2504":" ","2505":" ","2506":" ","2507":" ","2508":" ","2509":">","2510":"N","2511":"e","2512":"x","2513":"t","2514":"<","2515":"/","2516":"r","2517":"o","2518":"u","2519":"t","2520":"e","2521":"r","2522":"-","2523":"l","2524":"i","2525":"n","2526":"k","2527":"\\","2528":"r","2529":"\\","2530":"n","2531":" ","2532":" ","2533":" ","2534":" ","2535":" ","2536":" ","2537":" ","2538":" ","2539":" ","2540":" ","2541":">","2542":"\\","2543":"r","2544":"\\","2545":"n","2546":" ","2547":" ","2548":" ","2549":" ","2550":" ","2551":" ","2552":" ","2553":" ","2554":"<","2555":"/","2556":"d","2557":"i","2558":"v","2559":">","2560":"\\","2561":"r","2562":"\\","2563":"n","2564":" ","2565":" ","2566":" ","2567":" ","2568":" ","2569":" ","2570":"<","2571":"/","2572":"d","2573":"i","2574":"v","2575":">","2576":"\\","2577":"r","2578":"\\","2579":"n","2580":" ","2581":" ","2582":" ","2583":" ","2584":"<","2585":"/","2586":"d","2587":"i","2588":"v","2589":">","2590":"\\","2591":"r","2592":"\\","2593":"n","2594":" ","2595":" ","2596":"<","2597":"/","2598":"m","2599":"a","2600":"i","2601":"n","2602":">","2603":"\\","2604":"r","2605":"\\","2606":"n","2607":"<","2608":"/","2609":"t","2610":"e","2611":"m","2612":"p","2613":"l","2614":"a","2615":"t","2616":"e","2617":">","2618":"\\","2619":"r","2620":"\\","2621":"n","2622":"\\","2623":"r","2624":"\\","2625":"n","2626":"<","2627":"s","2628":"c","2629":"r","2630":"i","2631":"p","2632":"t","2633":">","2634":"\\","2635":"r","2636":"\\","2637":"n","2638":"i","2639":"m","2640":"p","2641":"o","2642":"r","2643":"t","2644":" ","2645":"J","2646":"o","2647":"b","2648":"L","2649":"i","2650":"s","2651":"t","2652":"i","2653":"n","2654":"g","2655":" ","2656":"f","2657":"r","2658":"o","2659":"m","2660":" ","2661":"\\","2662":"\"","2663":"@","2664":"/","2665":"c","2666":"o","2667":"m","2668":"p","2669":"o","2670":"n","2671":"e","2672":"n","2673":"t","2674":"s","2675":"/","2676":"J","2677":"o","2678":"b","2679":"R","2680":"e","2681":"s","2682":"u","2683":"l","2684":"t","2685":"s","2686":"/","2687":"J","2688":"o","2689":"b","2690":"L","2691":"i","2692":"s","2693":"t","2694":"i","2695":"n","2696":"g","2697":".","2698":"v","2699":"u","2700":"e","2701":"\\","2702":"\"","2703":";","2704":"\\","2705":"r","2706":"\\","2707":"n","2708":"i","2709":"m","2710":"p","2711":"o","2712":"r","2713":"t","2714":" ","2715":"{","2716":" ","2717":"m","2718":"a","2719":"p","2720":"A","2721":"c","2722":"t","2723":"i","2724":"o","2725":"n","2726":"s","2727":",","2728":" ","2729":"m","2730":"a","2731":"p","2732":"G","2733":"e","2734":"t","2735":"t","2736":"e","2737":"r","2738":"s","2739":" ","2740":"}","2741":" ","2742":"f","2743":"r","2744":"o","2745":"m","2746":" ","2747":"\\","2748":"\"","2749":"v","2750":"u","2751":"e","2752":"x","2753":"\\","2754":"\"","2755":";","2756":"\\","2757":"r","2758":"\\","2759":"n","2760":"i","2761":"m","2762":"p","2763":"o","2764":"r","2765":"t","2766":" ","2767":"{","2768":" ","2769":"F","2770":"E","2771":"T","2772":"C","2773":"H","2774":"_","2775":"J","2776":"O","2777":"B","2778":"S","2779":",","2780":" ","2781":"F","2782":"I","2783":"L","2784":"T","2785":"E","2786":"R","2787":"E","2788":"D","2789":"_","2790":"J","2791":"O","2792":"B","2793":"S","2794":" ","2795":"}","2796":" ","2797":"f","2798":"r","2799":"o","2800":"m","2801":" ","2802":"\\","2803":"\"","2804":"@","2805":"/","2806":"s","2807":"t","2808":"o","2809":"r","2810":"e","2811":"/","2812":"c","2813":"o","2814":"n","2815":"s","2816":"t","2817":"a","2818":"n","2819":"t","2820":"s","2821":"\\","2822":"\"","2823":";","2824":"\\","2825":"r","2826":"\\","2827":"n","2828":"\\","2829":"r","2830":"\\","2831":"n","2832":"e","2833":"x","2834":"p","2835":"o","2836":"r","2837":"t","2838":" ","2839":"d","2840":"e","2841":"f","2842":"a","2843":"u","2844":"l","2845":"t","2846":" ","2847":"{","2848":"\\","2849":"r","2850":"\\","2851":"n","2852":" ","2853":" ","2854":"n","2855":"a","2856":"m","2857":"e","2858":":","2859":" ","2860":"\\","2861":"\"","2862":"J","2863":"o","2864":"b","2865":"L","2866":"i","2867":"s","2868":"t","2869":"i","2870":"n","2871":"g","2872":"s","2873":"\\","2874":"\"","2875":",","2876":"\\","2877":"r","2878":"\\","2879":"n","2880":" ","2881":" ","2882":"c","2883":"o","2884":"m","2885":"p","2886":"o","2887":"n","2888":"e","2889":"n","2890":"t","2891":"s","2892":":","2893":" ","2894":"{","2895":"\\","2896":"r","2897":"\\","2898":"n","2899":" ","2900":" ","2901":" ","2902":" ","2903":"J","2904":"o","2905":"b","2906":"L","2907":"i","2908":"s","2909":"t","2910":"i","2911":"n","2912":"g","2913":",","2914":"\\","2915":"r","2916":"\\","2917":"n","2918":" ","2919":" ","2920":"}","2921":",","2922":"\\","2923":"r","2924":"\\","2925":"n","2926":" ","2927":" ","2928":"c","2929":"o","2930":"m","2931":"p","2932":"u","2933":"t","2934":"e","2935":"d","2936":":","2937":" ","2938":"{","2939":"\\","2940":"r","2941":"\\","2942":"n","2943":" ","2944":" ","2945":" ","2946":" ","2947":".","2948":".","2949":".","2950":"m","2951":"a","2952":"p","2953":"G","2954":"e","2955":"t","2956":"t","2957":"e","2958":"r","2959":"s","2960":"(","2961":"[","2962":"F","2963":"I","2964":"L","2965":"T","2966":"E","2967":"R","2968":"E","2969":"D","2970":"_","2971":"J","2972":"O","2973":"B","2974":"S","2975":"]","2976":")","2977":",","2978":"\\","2979":"r","2980":"\\","2981":"n","2982":"\\","2983":"r","2984":"\\","2985":"n","2986":" ","2987":" ","2988":" ","2989":" ","2990":"c","2991":"u","2992":"r","2993":"r","2994":"e","2995":"n","2996":"t","2997":"P","2998":"a","2999":"g","3000":"e","3001":"(","3002":")","3003":" ","3004":"{","3005":"\\","3006":"r","3007":"\\","3008":"n","3009":" ","3010":" ","3011":" ","3012":" ","3013":" ","3014":" ","3015":"c","3016":"o","3017":"n","3018":"s","3019":"t","3020":" ","3021":"p","3022":"a","3023":"g","3024":"e","3025":"S","3026":"t","3027":"r","3028":"i","3029":"n","3030":"g","3031":" ","3032":"=","3033":" ","3034":"t","3035":"h","3036":"i","3037":"s","3038":".","3039":"$","3040":"r","3041":"o","3042":"u","3043":"t","3044":"e","3045":".","3046":"q","3047":"u","3048":"e","3049":"r","3050":"y","3051":".","3052":"p","3053":"a","3054":"g","3055":"e","3056":" ","3057":"|","3058":"|","3059":" ","3060":"\\","3061":"\"","3062":"1","3063":"\\","3064":"\"","3065":";","3066":"\\","3067":"r","3068":"\\","3069":"n","3070":" ","3071":" ","3072":" ","3073":" ","3074":" ","3075":" ","3076":"r","3077":"e","3078":"t","3079":"u","3080":"r","3081":"n","3082":" ","3083":"N","3084":"u","3085":"m","3086":"b","3087":"e","3088":"r","3089":".","3090":"p","3091":"a","3092":"r","3093":"s","3094":"e","3095":"I","3096":"n","3097":"t","3098":"(","3099":"p","3100":"a","3101":"g","3102":"e","3103":"S","3104":"t","3105":"r","3106":"i","3107":"n","3108":"g","3109":")","3110":";","3111":"\\","3112":"r","3113":"\\","3114":"n","3115":" ","3116":" ","3117":" ","3118":" ","3119":"}","3120":",","3121":"\\","3122":"r","3123":"\\","3124":"n","3125":" ","3126":" ","3127":" ","3128":" ","3129":"p","3130":"r","3131":"e","3132":"v","3133":"i","3134":"o","3135":"u","3136":"s","3137":"P","3138":"a","3139":"g","3140":"e","3141":"(","3142":")","3143":" ","3144":"{","3145":"\\","3146":"r","3147":"\\","3148":"n","3149":" ","3150":" ","3151":" ","3152":" ","3153":" ","3154":" ","3155":"c","3156":"o","3157":"n","3158":"s","3159":"t","3160":" ","3161":"p","3162":"r","3163":"e","3164":"v","3165":"P","3166":"a","3167":"g","3168":"e","3169":" ","3170":"=","3171":" ","3172":"t","3173":"h","3174":"i","3175":"s","3176":".","3177":"c","3178":"u","3179":"r","3180":"r","3181":"e","3182":"n","3183":"t","3184":"P","3185":"a","3186":"g","3187":"e","3188":" ","3189":"-","3190":" ","3191":"1","3192":";","3193":"\\","3194":"r","3195":"\\","3196":"n","3197":" ","3198":" ","3199":" ","3200":" ","3201":" ","3202":" ","3203":"c","3204":"o","3205":"n","3206":"s","3207":"t","3208":" ","3209":"f","3210":"i","3211":"r","3212":"s","3213":"t","3214":"P","3215":"a","3216":"g","3217":"e","3218":" ","3219":"=","3220":" ","3221":"1","3222":";","3223":"\\","3224":"r","3225":"\\","3226":"n","3227":" ","3228":" ","3229":" ","3230":" ","3231":" ","3232":" ","3233":"r","3234":"e","3235":"t","3236":"u","3237":"r","3238":"n","3239":" ","3240":"p","3241":"r","3242":"e","3243":"v","3244":"P","3245":"a","3246":"g","3247":"e","3248":" ","3249":">","3250":"=","3251":" ","3252":"f","3253":"i","3254":"r","3255":"s","3256":"t","3257":"P","3258":"a","3259":"g","3260":"e","3261":" ","3262":"?","3263":" ","3264":"p","3265":"r","3266":"e","3267":"v","3268":"P","3269":"a","3270":"g","3271":"e","3272":" ","3273":":","3274":" ","3275":"u","3276":"n","3277":"d","3278":"e","3279":"f","3280":"i","3281":"n","3282":"e","3283":"d","3284":";","3285":"\\","3286":"r","3287":"\\","3288":"n","3289":" ","3290":" ","3291":" ","3292":" ","3293":"}","3294":",","3295":"\\","3296":"r","3297":"\\","3298":"n","3299":" ","3300":" ","3301":" ","3302":" ","3303":"n","3304":"e","3305":"x","3306":"t","3307":"P","3308":"a","3309":"g","3310":"e","3311":"(","3312":")","3313":" ","3314":"{","3315":"\\","3316":"r","3317":"\\","3318":"n","3319":" ","3320":" ","3321":" ","3322":" ","3323":" ","3324":" ","3325":"c","3326":"o","3327":"n","3328":"s","3329":"t","3330":" ","3331":"n","3332":"e","3333":"x","3334":"t","3335":"P","3336":"a","3337":"g","3338":"e","3339":" ","3340":"=","3341":" ","3342":"t","3343":"h","3344":"i","3345":"s","3346":".","3347":"c","3348":"u","3349":"r","3350":"r","3351":"e","3352":"n","3353":"t","3354":"P","3355":"a","3356":"g","3357":"e","3358":" ","3359":"+","3360":" ","3361":"1","3362":";","3363":"\\","3364":"r","3365":"\\","3366":"n","3367":" ","3368":" ","3369":" ","3370":" ","3371":" ","3372":" ","3373":"c","3374":"o","3375":"n","3376":"s","3377":"t","3378":" ","3379":"m","3380":"a","3381":"x","3382":"P","3383":"a","3384":"g","3385":"e","3386":" ","3387":"=","3388":" ","3389":"M","3390":"a","3391":"t","3392":"h","3393":".","3394":"c","3395":"e","3396":"i","3397":"l","3398":"(","3399":"t","3400":"h","3401":"i","3402":"s","3403":".","3404":"F","3405":"I","3406":"L","3407":"T","3408":"E","3409":"R","3410":"E","3411":"D","3412":"_","3413":"J","3414":"O","3415":"B","3416":"S","3417":".","3418":"l","3419":"e","3420":"n","3421":"g","3422":"t","3423":"h","3424":" ","3425":"/","3426":" ","3427":"1","3428":"0","3429":")","3430":";","3431":"\\","3432":"r","3433":"\\","3434":"n","3435":" ","3436":" ","3437":" ","3438":" ","3439":" ","3440":" ","3441":"r","3442":"e","3443":"t","3444":"u","3445":"r","3446":"n","3447":" ","3448":"n","3449":"e","3450":"x","3451":"t","3452":"P","3453":"a","3454":"g","3455":"e","3456":" ","3457":"<","3458":"=","3459":" ","3460":"m","3461":"a","3462":"x","3463":"P","3464":"a","3465":"g","3466":"e","3467":" ","3468":"?","3469":" ","3470":"n","3471":"e","3472":"x","3473":"t","3474":"P","3475":"a","3476":"g","3477":"e","3478":" ","3479":":","3480":" ","3481":"u","3482":"n","3483":"d","3484":"e","3485":"f","3486":"i","3487":"n","3488":"e","3489":"d","3490":";","3491":"\\","3492":"r","3493":"\\","3494":"n","3495":" ","3496":" ","3497":" ","3498":" ","3499":"}","3500":",","3501":"\\","3502":"r","3503":"\\","3504":"n","3505":" ","3506":" ","3507":" ","3508":" ","3509":"d","3510":"i","3511":"s","3512":"p","3513":"l","3514":"a","3515":"y","3516":"e","3517":"d","3518":"J","3519":"o","3520":"b","3521":"s","3522":"(","3523":")","3524":" ","3525":"{","3526":"\\","3527":"r","3528":"\\","3529":"n","3530":" ","3531":" ","3532":" ","3533":" ","3534":" ","3535":" ","3536":"c","3537":"o","3538":"n","3539":"s","3540":"t","3541":" ","3542":"p","3543":"a","3544":"g","3545":"e","3546":"N","3547":"u","3548":"m","3549":"b","3550":"e","3551":"r","3552":" ","3553":"=","3554":" ","3555":"t","3556":"h","3557":"i","3558":"s","3559":".","3560":"c","3561":"u","3562":"r","3563":"r","3564":"e","3565":"n","3566":"t","3567":"P","3568":"a","3569":"g","3570":"e","3571":";","3572":"\\","3573":"r","3574":"\\","3575":"n","3576":" ","3577":" ","3578":" ","3579":" ","3580":" ","3581":" ","3582":"c","3583":"o","3584":"n","3585":"s","3586":"t","3587":" ","3588":"f","3589":"i","3590":"r","3591":"s","3592":"t","3593":"J","3594":"o","3595":"b","3596":"I","3597":"n","3598":"d","3599":"e","3600":"x","3601":" ","3602":"=","3603":" ","3604":"(","3605":"p","3606":"a","3607":"g","3608":"e","3609":"N","3610":"u","3611":"m","3612":"b","3613":"e","3614":"r","3615":" ","3616":"-","3617":" ","3618":"1","3619":")","3620":" ","3621":"*","3622":" ","3623":"1","3624":"0","3625":";","3626":"\\","3627":"r","3628":"\\","3629":"n","3630":" ","3631":" ","3632":" ","3633":" ","3634":" ","3635":" ","3636":"c","3637":"o","3638":"n","3639":"s","3640":"t","3641":" ","3642":"l","3643":"a","3644":"s","3645":"t","3646":"J","3647":"o","3648":"b","3649":"I","3650":"n","3651":"d","3652":"e","3653":"x","3654":" ","3655":"=","3656":" ","3657":"p","3658":"a","3659":"g","3660":"e","3661":"N","3662":"u","3663":"m","3664":"b","3665":"e","3666":"r","3667":" ","3668":"*","3669":" ","3670":"1","3671":"0","3672":";","3673":"\\","3674":"r","3675":"\\","3676":"n","3677":" ","3678":" ","3679":" ","3680":" ","3681":" ","3682":" ","3683":"c","3684":"o","3685":"n","3686":"s","3687":"o","3688":"l","3689":"e","3690":".","3691":"l","3692":"o","3693":"g","3694":"(","3695":"t","3696":"h","3697":"i","3698":"s","3699":".","3700":"F","3701":"I","3702":"L","3703":"T","3704":"E","3705":"R","3706":"E","3707":"D","3708":"_","3709":"J","3710":"O","3711":"B","3712":"S","3713":")","3714":";","3715":"\\","3716":"r","3717":"\\","3718":"n","3719":" ","3720":" ","3721":" ","3722":" ","3723":" ","3724":" ","3725":"r","3726":"e","3727":"t","3728":"u","3729":"r","3730":"n","3731":" ","3732":"t","3733":"h","3734":"i","3735":"s","3736":".","3737":"F","3738":"I","3739":"L","3740":"T","3741":"E","3742":"R","3743":"E","3744":"D","3745":"_","3746":"J","3747":"O","3748":"B","3749":"S","3750":".","3751":"s","3752":"l","3753":"i","3754":"c","3755":"e","3756":"(","3757":"f","3758":"i","3759":"r","3760":"s","3761":"t","3762":"J","3763":"o","3764":"b","3765":"I","3766":"n","3767":"d","3768":"e","3769":"x","3770":",","3771":" ","3772":"l","3773":"a","3774":"s","3775":"t","3776":"J","3777":"o","3778":"b","3779":"I","3780":"n","3781":"d","3782":"e","3783":"x","3784":")","3785":";","3786":"\\","3787":"r","3788":"\\","3789":"n","3790":" ","3791":" ","3792":" ","3793":" ","3794":"}","3795":",","3796":"\\","3797":"r","3798":"\\","3799":"n","3800":" ","3801":" ","3802":"}","3803":",","3804":"\\","3805":"r","3806":"\\","3807":"n","3808":" ","3809":" ","3810":"a","3811":"s","3812":"y","3813":"n","3814":"c","3815":" ","3816":"m","3817":"o","3818":"u","3819":"n","3820":"t","3821":"e","3822":"d","3823":"(","3824":")","3825":" ","3826":"{","3827":"\\","3828":"r","3829":"\\","3830":"n","3831":" ","3832":" ","3833":" ","3834":" ","3835":"t","3836":"h","3837":"i","3838":"s","3839":".","3840":"F","3841":"E","3842":"T","3843":"C","3844":"H","3845":"_","3846":"J","3847":"O","3848":"B","3849":"S","3850":"(","3851":")","3852":";","3853":"\\","3854":"r","3855":"\\","3856":"n","3857":" ","3858":" ","3859":"}","3860":",","3861":"\\","3862":"r","3863":"\\","3864":"n","3865":" ","3866":" ","3867":"m","3868":"e","3869":"t","3870":"h","3871":"o","3872":"d","3873":"s","3874":":","3875":" ","3876":"{","3877":"\\","3878":"r","3879":"\\","3880":"n","3881":" ","3882":" ","3883":" ","3884":" ","3885":".","3886":".","3887":".","3888":"m","3889":"a","3890":"p","3891":"A","3892":"c","3893":"t","3894":"i","3895":"o","3896":"n","3897":"s","3898":"(","3899":"[","3900":"F","3901":"E","3902":"T","3903":"C","3904":"H","3905":"_","3906":"J","3907":"O","3908":"B","3909":"S","3910":"]","3911":")","3912":",","3913":"\\","3914":"r","3915":"\\","3916":"n","3917":" ","3918":" ","3919":"}","3920":",","3921":"\\","3922":"r","3923":"\\","3924":"n","3925":"}","3926":";","3927":"\\","3928":"r","3929":"\\","3930":"n","3931":"<","3932":"/","3933":"s","3934":"c","3935":"r","3936":"i","3937":"p","3938":"t","3939":">","3940":"\\","3941":"r","3942":"\\","3943":"n","3944":"\\","3945":"r","3946":"\\","3947":"n","3948":"<","3949":"s","3950":"t","3951":"y","3952":"l","3953":"e","3954":" ","3955":"s","3956":"c","3957":"o","3958":"p","3959":"e","3960":"d","3961":">","3962":"<","3963":"/","3964":"s","3965":"t","3966":"y","3967":"l","3968":"e","3969":">","3970":"\\","3971":"r","3972":"\\","3973":"n","3974":"\"","3975":"]","3976":"}"},"_coverageSchema":"1a1c01bbd47fc00a2c39e90264f33305004495a9","hash":"e05289c9f29e3a30d8758139067f5ebb33458888"}
,"C:\\Users\\KENULE-NWINEE\\Documents\\vscode projs\\Vue\\ken-job-search\\src\\components\\JobResults\\JobFiltersSidebar\\JobFilterSidebarJobTypes.vue": {"path":"C:\\Users\\KENULE-NWINEE\\Documents\\vscode projs\\Vue\\ken-job-search\\src\\components\\JobResults\\JobFiltersSidebar\\JobFilterSidebarJobTypes.vue","statementMap":{"0":{"start":{"line":4,"column":29},"end":{"line":4,"column":173}},"1":{"start":{"line":5,"column":0},"end":{"line":7,"column":3}},"2":{"start":{"line":8,"column":0},"end":{"line":8,"column":25}},"3":{"start":{"line":65,"column":0},"end":{"line":65,"column":13}},"4":{"start":{"line":67,"column":0},"end":{"line":69,"column":3}},"5":{"start":{"line":70,"column":0},"end":{"line":70,"column":24}},"6":{"start":{"line":71,"column":11},"end":{"line":71,"column":25}},"7":{"start":{"line":72,"column":19},"end":{"line":74,"column":1}},"8":{"start":{"line":75,"column":19},"end":{"line":77,"column":1}},"9":{"start":{"line":78,"column":19},"end":{"line":78,"column":47}},"10":{"start":{"line":79,"column":19},"end":{"line":79,"column":26}},"11":{"start":{"line":81,"column":31},"end":{"line":81,"column":70}},"12":{"start":{"line":82,"column":2},"end":{"line":106,"column":5}},"13":{"start":{"line":85,"column":37},"end":{"line":103,"column":41}},"14":{"start":{"line":86,"column":6},"end":{"line":102,"column":80}},"15":{"start":{"line":91,"column":67},"end":{"line":91,"column":96}},"16":{"start":{"line":97,"column":10},"end":{"line":97,"column":78}},"17":{"start":{"line":107,"column":2},"end":{"line":107,"column":49}}},"fnMap":{"0":{"name":"render","decl":{"start":{"line":80,"column":9},"end":{"line":80,"column":15}},"loc":{"start":{"line":80,"column":30},"end":{"line":107,"column":1}},"line":80},"1":{"name":"(anonymous_1)","decl":{"start":{"line":85,"column":31},"end":{"line":85,"column":32}},"loc":{"start":{"line":85,"column":37},"end":{"line":103,"column":41}},"line":85},"2":{"name":"(anonymous_2)","decl":{"start":{"line":85,"column":305},"end":{"line":85,"column":306}},"loc":{"start":{"line":85,"column":316},"end":{"line":103,"column":5}},"line":85},"3":{"name":"(anonymous_3)","decl":{"start":{"line":91,"column":57},"end":{"line":91,"column":58}},"loc":{"start":{"line":91,"column":67},"end":{"line":91,"column":96}},"line":91},"4":{"name":"(anonymous_4)","decl":{"start":{"line":96,"column":44},"end":{"line":96,"column":45}},"loc":{"start":{"line":96,"column":56},"end":{"line":98,"column":9}},"line":96}},"branchMap":{"0":{"loc":{"start":{"line":91,"column":31},"end":{"line":91,"column":97}},"type":"binary-expr","locations":[{"start":{"line":91,"column":31},"end":{"line":91,"column":40}},{"start":{"line":91,"column":45},"end":{"line":91,"column":96}}],"line":91},"1":{"loc":{"start":{"line":96,"column":18},"end":{"line":98,"column":10}},"type":"binary-expr","locations":[{"start":{"line":96,"column":18},"end":{"line":96,"column":27}},{"start":{"line":96,"column":32},"end":{"line":98,"column":9}}],"line":96},"2":{"loc":{"start":{"line":97,"column":17},"end":{"line":97,"column":77}},"type":"binary-expr","locations":[{"start":{"line":97,"column":17},"end":{"line":97,"column":38}},{"start":{"line":97,"column":42},"end":{"line":97,"column":77}}],"line":97}},"s":{"0":1,"1":1,"2":1,"3":1,"4":1,"5":1,"6":1,"7":1,"8":1,"9":1,"10":1,"11":2,"12":2,"13":3,"14":6,"15":1,"16":1,"17":1},"f":{"0":2,"1":3,"2":6,"3":1,"4":1},"b":{"0":[6,2],"1":[6,2],"2":[1,1]},"inputSourceMap":{"0":"{","1":"\"","2":"v","3":"e","4":"r","5":"s","6":"i","7":"o","8":"n","9":"\"","10":":","11":"3","12":",","13":"\"","14":"s","15":"o","16":"u","17":"r","18":"c","19":"e","20":"s","21":"\"","22":":","23":"[","24":"\"","25":"C","26":":","27":"\\","28":"\\","29":"U","30":"s","31":"e","32":"r","33":"s","34":"\\","35":"\\","36":"K","37":"E","38":"N","39":"U","40":"L","41":"E","42":"-","43":"N","44":"W","45":"I","46":"N","47":"E","48":"E","49":"\\","50":"\\","51":"D","52":"o","53":"c","54":"u","55":"m","56":"e","57":"n","58":"t","59":"s","60":"\\","61":"\\","62":"v","63":"s","64":"c","65":"o","66":"d","67":"e","68":" ","69":"p","70":"r","71":"o","72":"j","73":"s","74":"\\","75":"\\","76":"V","77":"u","78":"e","7
[...]
1":"C","282":"X","283":",","284":"C","285":"A","286":"A","287":"C","288":";","289":"I","290":"A","291":"C","292":"D","293":",","294":"U","295":"A","296":"A","297":"U","298":",","299":"E","300":"A","301":"A","302":"E","303":";","304":"M","305":"A","306":"C","307":"V","308":",","309":"Q","310":"A","311":"A","312":"Q","313":",","314":"E","315":"A","316":"A","317":"E","318":",","319":"I","320":"A","321":"A","322":"I","323":";","324":"M","325":"A","326":"C","327":"d","328":",","329":"I","330":"A","331":"A","332":"I","333":",","334":"E","335":"A","336":"A","337":"E","338":";","339":"I","340":"A","341":"C","342":"R","343":";","344":"E","345":"A","346":"C","347":"F","348":",","349":"C","350":"A","351":"A","352":"C","353":";","354":"E","355":"A","356":"C","357":"D","358":",","359":"K","360":"A","361":"A","362":"K","363":",","364":"E","365":"A","366":"A","367":"E","368":",","369":"C","370":"A","371":"A","372":"C","373":",","374":"m","375":"B","376":"A","377":"A","378":"m","379":"B","380":",","381":"C","382":"A","383":"A","384":"C","385":";","386":"E","387":"A","388":"C","389":"5","390":"B","391":",","392":"O","393":"A","394":"A","395":"O","396":",","397":"E","398":"A","399":"A","400":"E","401":";","402":"I","403":"A","404":"C","405":"P","406":",","407":"W","408":"A","409":"A","410":"W","411":",","412":"C","413":"A","414":"A","415":"C","416":",","417":"C","418":"A","419":"A","420":"C","421":",","422":"E","423":"A","424":"A","425":"E","426":";","427":"M","428":"A","429":"C","430":"b","431":",","432":"I","433":"A","434":"A","435":"I","436":",","437":"C","438":"A","439":"A","440":"C","441":",","442":"K","443":"A","444":"A","445":"K","446":",","447":"C","448":"A","449":"A","450":"C","451":",","452":"m","453":"B","454":"A","455":"A","456":"m","457":"B","458":",","459":"E","460":"A","461":"A","462":"E","463":",","464":"C","465":"A","466":"A","467":"C","468":",","469":"C","470":"A","471":"A","472":"C","473":",","474":"M","475":"A","476":"A","477":"M","478":",","479":"C","480":"A","481":"A","482":"C","483":",","484":"K","485":"A","486":"A","487":"K","488":",","489":"C","490":"A","491":"A","492":"C","493":";","494":"I","495":"A","496":"C","497":"j","498":"D","499":";","500":"E","501":"A","502":"C","503":"F","504":";","505":"A","506":"A","507":"C","508":"F","509":",","510":"C","511":"A","512":"A","513":"C","514":";","515":"A","516":"A","517":"A","518":"A","519":";","520":"A","521":"A","522":"A","523":"A","524":"\"","525":",","526":"\"","527":"f","528":"i","529":"l","530":"e","531":"\"","532":":","533":"\"","534":"C","535":":","536":"\\","537":"\\","538":"U","539":"s","540":"e","541":"r","542":"s","543":"\\","544":"\\","545":"K","546":"E","547":"N","548":"U","549":"L","550":"E","551":"-","552":"N","553":"W","554":"I","555":"N","556":"E","557":"E","558":"\\","559":"\\","560":"D","561":"o","562":"c","563":"u","564":"m","565":"e","566":"n","567":"t","568":"s","569":"\\","570":"\\","571":"v","572":"s","573":"c","574":"o","575":"d","576":"e","577":" ","578":"p","579":"r","580":"o","581":"j","582":"s","583":"\\","584":"\\","585":"V","586":"u","587":"e","588":"\\","589":"\\","590":"k","591":"e","592":"n","593":"-","594":"j","595":"o","596":"b","597":"-","598":"s","599":"e","600":"a","601":"r","602":"c","603":"h","604":"\\","605":"\\","606":"s","607":"r","608":"c","609":"\\","610":"\\","611":"c","612":"o","613":"m","614":"p","615":"o","616":"n","617":"e","618":"n","619":"t","620":"s","621":"\\","622":"\\","623":"S","624":"h","625":"a","626":"r","627":"e","628":"d","629":"\\","630":"\\","631":"T","632":"e","633":"x","634":"t","635":"I","636":"n","637":"p","638":"u","639":"t","640":".","641":"v","642":"u","643":"e","644":"\"","645":",","646":"\"","647":"s","648":"o","649":"u","650":"r","651":"c","652":"e","653":"s","654":"C","655":"o","656":"n","657":"t","658":"e","659":"n","660":"t","661":"\"","662":":","663":"[","664":"\"","665":"<","666":"t","667":"e","668":"m","669":"p","670":"l","671":"a","672":"t","673":"e","674":">","675":"\\","676":"r","677":"\\","678":"n","679":" ","680":" ","681":"<","682":"i","683":"n","684":"p","685":"u","686":"t","687":"\\","688":"r","689":"\\","690":"n","691":" ","692":" ","693":" ","694":" ","695":":","696":"v","697":"a","698":"l","699":"u","700":"e","701":"=","702":"\\","703":"\"","704":"m","705":"o","706":"d","707":"e","708":"l","709":"V","710":"a","711":"l","712":"u","713":"e","714":"\\","715":"\"","716":"\\","717":"r","718":"\\","719":"n","720":" ","721":" ","722":" ","723":" ","724":"t","725":"y","726":"p","727":"e","728":"=","729":"\\","730":"\"","731":"t","732":"e","733":"x","734":"t","735":"\\","736":"\"","737":"\\","738":"r","739":"\\","740":"n","741":" ","742":" ","743":" ","744":" ","745":":","746":"p","747":"l","748":"a","749":"c","750":"e","751":"h","752":"o","753":"l","754":"d","755":"e","756":"r","757":"=","758":"\\","759":"\"","760":"p","761":"l","762":"a","763":"c","764":"e","765":"h","766":"o","767":"l","768":"d","769":"e","770":"r","771":"\\","772":"\"","773":"\\","774":"r","775":"\\","776":"n","777":" ","778":" ","779":" ","780":" ","781":"c","782":"l","783":"a","784":"s","785":"s","786":"=","787":"\\","788":"\"","789":"w","790":"-","791":"f","792":"u","793":"l","794":"l","795":" ","796":"t","797":"e","798":"x","799":"t","800":"-","801":"l","802":"g","803":" ","804":"f","805":"o","806":"n","807":"t","808":"-","809":"n","810":"o","811":"r","812":"m","813":"a","814":"l","815":" ","816":"f","817":"o","818":"c","819":"u","820":"s","821":":","822":"o","823":"u","824":"t","825":"l","826":"i","827":"n","828":"e","829":"-","830":"n","831":"o","832":"n","833":"e","834":"\\","835":"\"","836":"\\","837":"r","838":"\\","839":"n","840":" ","841":" ","842":" ","843":" ","844":"@","845":"i","846":"n","847":"p","848":"u","849":"t","850":"=","851":"\\","852":"\"","853":"h","854":"a","855":"n","856":"d","857":"l","858":"e","859":"I","860":"n","861":"p","862":"u","863":"t","864":"\\","865":"\"","866":"\\","867":"r","868":"\\","869":"n","870":" ","871":" ","872":"/","873":">","874":"\\","875":"r","876":"\\","877":"n","878":"<","879":"/","880":"t","881":"e","882":"m","883":"p","884":"l","885":"a","886":"t","887":"e","888":">","889":"\\","890":"r","891":"\\","892":"n","893":"\\","894":"r","895":"\\","896":"n","897":"<","898":"s","899":"c","900":"r","901":"i","902":"p","903":"t","904":">","905":"\\","906":"r","907":"\\","908":"n","909":"e","910":"x","911":"p","912":"o","913":"r","914":"t","915":" ","916":"d","917":"e","918":"f","919":"a","920":"u","921":"l","922":"t","923":" ","924":"{","925":"\\","926":"r","927":"\\","928":"n","929":" ","930":" ","931":"n","932":"a","933":"m","934":"e","935":":","936":" ","937":"\\","938":"\"","939":"T","940":"e","941":"x","942":"t","943":"I","944":"p","945":"u","946":"t","947":"\\","948":"\"","949":",","950":"\\","951":"r","952":"\\","953":"n","954":" ","955":" ","956":"p","957":"r","958":"o","959":"p","960":"s","961":":","962":" ","963":"{","964":"\\","965":"r","966":"\\","967":"n","968":" ","969":" ","970":" ","971":" ","972":"p","973":"l","974":"a","975":"c","976":"e","977":"h","978":"o","979":"l","980":"d","981":"e","982":"r","983":":","984":" ","985":"{","986":"\\","987":"r","988":"\\","989":"n","990":" ","991":" ","992":" ","993":" ","994":" ","995":" ","996":"r","997":"e","998":"q","999":"u","1000":"i","1001":"r","1002":"e","1003":"d","1004":":","1005":" ","1006":"f","1007":"a","1008":"l","1009":"s","1010":"e","1011":",","1012":"\\","1013":"r","1014":"\\","1015":"n","1016":" ","1017":" ","1018":" ","1019":" ","1020":" ","1021":" ","1022":"t","1023":"y","1024":"p","1025":"e","1026":":","1027":" ","1028":"S","1029":"t","1030":"r","1031":"i","1032":"n","1033":"g","1034":",","1035":"\\","1036":"r","1037":"\\","1038":"n","1039":" ","1040":" ","1041":" ","1042":" ","1043":" ","1044":" ","1045":"d","1046":"e","1047":"f","1048":"a","1049":"u","1050":"l","1051":"t","1052":":","1053":" ","1054":"\\","1055":"\"","1056":"\\","1057":"\"","1058":",","1059":"\\","1060":"r","1061":"\\","1062":"n","1063":" ","1064":" ","1065":" ","1066":" ","1067":"}","1068":",","1069":"\\","1070":"r","1071":"\\","1072":"n","1073":" ","1074":" ","1075":" ","1076":" ","1077":"m","1078":"o","1079":"d","1080":"e","1081":"l","1082":"V","1083":"a","1084":"l","1085":"u","1086":"e","1087":":","1088":" ","1089":"{","1090":"\\","1091":"r","1092":"\\","1093":"n","1094":" ","1095":" ","1096":" ","1097":" ","1098":" ","1099":" ","1100":"r","1101":"e","1102":"q","1103":"u","1104":"i","1105":"r","1106":"e","1107":"d","1108":":","1109":" ","1110":"t","1111":"r","1112":"u","1113":"e","1114":",","1115":"\\","1116":"r","1117":"\\","1118":"n","1119":" ","1120":" ","1121":" ","1122":" ","1123":" ","1124":" ","1125":"t","1126":"y","1127":"p","1128":"e","1129":":","1130":" ","1131":"S","1132":"t","1133":"r","1134":"i","1135":"n","1136":"g","1137":",","1138":"\\","1139":"r","1140":"\\","1141":"n","1142":" ","1143":" ","1144":" ","1145":" ","1146":"}","1147":",","1148":"\\","1149":"r","1150":"\\","1151":"n","1152":" ","1153":" ","1154":"}","1155":",","1156":"\\","1157":"r","1158":"\\","1159":"n","1160":" ","1161":" ","1162":"e","1163":"m","1164":"i","1165":"t","1166":"s","1167":":","1168":" ","1169":"[","1170":"\\","1171":"\"","1172":"u","1173":"p","1174":"d","1175":"a","1176":"t","1177":"e","1178":":","1179":"m","1180":"o","1181":"d","1182":"e","1183":"l","1184":"V","1185":"a","1186":"l","1187":"u","1188":"e","1189":"\\","1190":"\"","1191":"]","1192":",","1193":"\\","1194":"r","1195":"\\","1196":"n","1197":" ","1198":" ","1199":"m","1200":"e","1201":"t","1202":"h","1203":"o","1204":"d","1205":"s","1206":":","1207":" ","1208":"{","1209":"\\","1210":"r","1211":"\\","1212":"n","1213":" ","1214":" ","1215":" ","1216":" ","1217":"h","1218":"a","1219":"n","1220":"d","1221":"l","1222":"e","1223":"I","1224":"n","1225":"p","1226":"u","1227":"t","1228":"(","1229":"e","1230":")","1231":" ","1232":"{","1233":"\\","1234":"r","1235":"\\","1236":"n","1237":" ","1238":" ","1239":" ","1240":" ","1241":" ","1242":" ","1243":"t","1244":"h","1245":"i","1246":"s","1247":".","1248":"$","1249":"e","1250":"m","1251":"i","1252":"t","1253":"(","1254":"\\","1255":"\"","1256":"u","1257":"p","1258":"d","1259":"a","1260":"t","1261":"e","1262":":","1263":"m","1264":"o","1265":"d","1266":"e","1267":"l","1268":"V","1269":"a","1270":"l","1271":"u","1272":"e","1273":"\\","1274":"\"","1275":",","1276":" ","1277":"e","1278":".","1279":"t","1280":"a","1281":"r","1282":"g","1283":"e","1284":"t","1285":".","1286":"v","1287":"a","1288":"l","1289":"u","1290":"e","1291":")","1292":";","1293":"\\","1294":"r","1295":"\\","1296":"n","1297":" ","1298":" ","1299":" ","1300":" ","1301":"}","1302":",","1303":"\\","1304":"r","1305":"\\","1306":"n","1307":" ","1308":" ","1309":"}","1310":",","1311":"\\","1312":"r","1313":"\\","1314":"n","1315":"}","1316":";","1317":"\\","1318":"r","1319":"\\","1320":"n","1321":"<","1322":"/","1323":"s","1324":"c","1325":"r","1326":"i","1327":"p","1328":"t","1329":">","1330":"\\","1331":"r","1332":"\\","1333":"n","1334":"\\","1335":"r","1336":"\\","1337":"n","1338":"<","1339":"s","1340":"t","1341":"y","1342":"l","1343":"e","1344":" ","1345":"s","1346":"c","1347":"o","1348":"p","1349":"e","1350":"d","1351":">","1352":"<","1353":"/","1354":"s","1355":"t","1356":"y","1357":"l","1358":"e","1359":">","1360":"\\","1361":"r","1362":"\\","1363":"n","1364":"\"","1365":"]","1366":"}"},"_coverageSchema":"1a1c01bbd47fc00a2c39e90264f33305004495a9","hash":"3a9f3829b19fead6db2d431bdd2331fe7236ec54"}
,"C:\\Users\\KENULE-NWINEE\\Documents\\vscode projs\\Vue\\ken-job-search\\src\\helpers\\nextElementList.js": {"path":"C:\\Users\\KENULE-NWINEE\\Documents\\vscode projs\\Vue\\ken-job-search\\src\\helpers\\nextElementList.js","statementMap":{"0":{"start":{"line":1,"column":24},"end":{"line":6,"column":1}},"1":{"start":{"line":2,"column":28},"end":{"line":2,"column":47}},"2":{"start":{"line":3,"column":25},"end":{"line":3,"column":62}},"3":{"start":{"line":4,"column":20},"end":{"line":4,"column":40}},"4":{"start":{"line":5,"column":2},"end":{"line":5,"column":19}}},"fnMap":{"0":{"name":"(anonymous_0)","decl":{"start":{"line":1,"column":24},"end":{"line":1,"column":25}},"loc":{"start":{"line":1,"column":41},"end":{"line":6,"column":1}},"line":1}},"branchMap":{},"s":{"0":2,"1":3,"2":3,"3":3,"4":3},"f":{"0":3},"b":{},"_coverageSchema":"1a1c01bbd47fc00a2c39e90264f33305004495a9","hash":"5f1bc48b4a8b40000d590102ccd46a1ad4e30d44"}
,"C:\\Users\\KENULE-NWINEE\\Documents\\vscode projs\\Vue\\ken-job-search\\src\\store\\constants.js": {"path":"C:\\Users\\KENULE-NWINEE\\Documents\\vscode projs\\Vue\\ken-job-search\\src\\store\\constants.js","statementMap":{"0":{"start":{"line":2,"column":26},"end":{"line":2,"column":38}},"1":{"start":{"line":5,"column":28},"end":{"line":5,"column":42}},"2":{"start":{"line":6,"column":26},"end":{"line":6,"column":38}},"3":{"start":{"line":7,"column":29},"end":{"line":7,"column":44}},"4":{"start":{"line":10,"column":36},"end":{"line":10,"column":58}},"5":{"start":{"line":11,"column":42},"end":{"line":11,"column":70}},"6":{"start":{"line":12,"column":43},"end":{"line":12,"column":72}},"7":{"start":{"line":15,"column":38},"end":{"line":15,"column":62}},"8":{"start":{"line":16,"column":32},"end":{"line":16,"column":50}},"9":{"start":{"line":17,"column":39},"end":{"line":17,"column":64}}},"fnMap":{},"branchMap":{},"s":{"0":7,"1":7,"2":7,"3":7,"4":7,"5":7,"6":7,"7":7,"8":7,"9":7},"f":{},"b":{},"_coverageSchema":"1a1c01bbd47fc00a2c39e90264f33305004495a9","hash":"33438bf6a8a6d94d312f66838694c687a8cffb27"}
,"C:\\Users\\KENULE-NWINEE\\Documents\\vscode projs\\Vue\\ken-job-search\\src\\store\\getters.js": {"path":"C:\\Users\\KENULE-NWINEE\\Documents\\vscode projs\\Vue\\ken-job-search\\src\\store\\getters.js","statementMap":{"0":{"start":{"line":9,"column":16},"end":{"line":37,"column":1}},"1":{"start":{"line":11,"column":32},"end":{"line":11,"column":41}},"2":{"start":{"line":12,"column":4},"end":{"line":12,"column":75}},"3":{"start":{"line":12,"column":32},"end":{"line":12,"column":73}},"4":{"start":{"line":13,"column":4},"end":{"line":13,"column":31}},"5":{"start":{"line":17,"column":27},"end":{"line":17,"column":36}},"6":{"start":{"line":18,"column":4},"end":{"line":18,"column":65}},"7":{"start":{"line":18,"column":32},"end":{"line":18,"column":63}},"8":{"start":{"line":19,"column":4},"end":{"line":19,"column":26}},"9":{"start":{"line":22,"column":44},"end":{"line":25,"column":3}},"10":{"start":{"line":23,"column":4},"end":{"line":23,"column":62}},"11":{"start":{"line":23,"column":50},"end":{"line":23,"column":62}},"12":{"start":{"line":24,"column":4},"end":{"line":24,"column":66}},"13":{"start":{"line":27,"column":40},"end":{"line":30,"column":3}},"14":{"start":{"line":28,"column":4},"end":{"line":28,"column":57}},"15":{"start":{"line":28,"column":45},"end":{"line":28,"column":57}},"16":{"start":{"line":29,"column":4},"end":{"line":29,"column":56}},"17":{"start":{"line":33,"column":4},"end":{"line":35,"column":61}},"18":{"start":{"line":34,"column":23},"end":{"line":34,"column":63}},"19":{"start":{"line":35,"column":23},"end":{"line":35,"column":59}}},"fnMap":{"0":{"name":"(anonymous_0)","decl":{"start":{"line":10,"column":2},"end":{"line":10,"column":3}},"loc":{"start":{"line":10,"column":32},"end":{"line":14,"column":3}},"line":10},"1":{"name":"(anonymous_1)","decl":{"start":{"line":12,"column":23},"end":{"line":12,"column":24}},"loc":{"start":{"line":12,"column":32},"end":{"line":12,"column":73}},"line":12},"2":{"name":"(anonymous_2)","decl":{"start":{"line":16,"column":2},"end":{"line":16,"column":3}},"loc":{"start":{"line":16,"column":28},"end":{"line":20,"column":3}},"line":16},"3":{"name":"(anonymous_3)","decl":{"start":{"line":18,"column":23},"end":{"line":18,"column":24}},"loc":{"start":{"line":18,"column":32},"end":{"line":18,"column":63}},"line":18},"4":{"name":"(anonymous_4)","decl":{"start":{"line":22,"column":33},"end":{"line":22,"column":34}},"loc":{"start":{"line":22,"column":44},"end":{"line":25,"column":3}},"line":22},"5":{"name":"(anonymous_5)","decl":{"start":{"line":22,"column":44},"end":{"line":22,"column":45}},"loc":{"start":{"line":22,"column":53},"end":{"line":25,"column":3}},"line":22},"6":{"name":"(anonymous_6)","decl":{"start":{"line":27,"column":29},"end":{"line":27,"column":30}},"loc":{"start":{"line":27,"column":40},"end":{"line":30,"column":3}},"line":27},"7":{"name":"(anonymous_7)","decl":{"start":{"line":27,"column":40},"end":{"line":27,"column":41}},"loc":{"start":{"line":27,"column":49},"end":{"line":30,"column":3}},"line":27},"8":{"name":"(anonymous_8)","decl":{"start":{"line":32,"column":2},"end":{"line":32,"column":3}},"loc":{"start":{"line":32,"column":34},"end":{"line":36,"column":3}},"line":32},"9":{"name":"(anonymous_9)","decl":{"start":{"line":34,"column":14},"end":{"line":34,"column":15}},"loc":{"start":{"line":34,"column":23},"end":{"line":34,"column":63}},"line":34},"10":{"name":"(anonymous_10)","decl":{"start":{"line":35,"column":14},"end":{"line":35,"column":15}},"loc":{"start":{"line":35,"column":23},"end":{"line":35,"column":59}},"line":35}},"branchMap":{"0":{"loc":{"start":{"line":23,"column":4},"end":{"line":23,"column":62}},"type":"if","locations":[{"start":{"line":23,"column":4},"end":{"line":23,"column":62}},{"start":{},"end":{}}],"line":23},"1":{"loc":{"start":{"line":28,"column":4},"end":{"line":28,"column":57}},"type":"if","locations":[{"start":{"line":28,"column":4},"end":{"line":28,"column":57}},{"start":{},"end":{}}],"line":28}},"s":{"0":1,"1":1,"2":1,"3":3,"4":1,"5":1,"6":1,"7":3,"8":1,"9":2,"10":2,"11":1,"12":1,"13":2,"14":2,"15":1,"16":1,"17":0,"18":0,"19":0},"f":{"0":1,"1":3,"2":1,"3":3,"4":2,"5":2,"6":2,"7":2,"8":0,"9":0,"10":0},"b":{"0":[1,1],"1":[1,1]},"_coverageSchema":"1a1c01bbd47fc00a2c39e90264f33305004495a9","hash":"c8ba57bda68fbfe4b2a6507a260509aa6bf0f5a5"}
,"C:\\Users\\KENULE-NWINEE\\Documents\\vscode projs\\Vue\\ken-job-search\\src\\store\\mutations.js": {"path":"C:\\Users\\KENULE-NWINEE\\Documents\\vscode projs\\Vue\\ken-job-search\\src\\store\\mutations.js","statementMap":{"0":{"start":{"line":8,"column":18},"end":{"line":21,"column":1}},"1":{"start":{"line":10,"column":4},"end":{"line":10,"column":28}},"2":{"start":{"line":13,"column":4},"end":{"line":13,"column":22}},"3":{"start":{"line":16,"column":4},"end":{"line":16,"column":48}},"4":{"start":{"line":19,"column":4},"end":{"line":19,"column":38}}},"fnMap":{"0":{"name":"(anonymous_0)","decl":{"start":{"line":9,"column":2},"end":{"line":9,"column":3}},"loc":{"start":{"line":9,"column":22},"end":{"line":11,"column":3}},"line":9},"1":{"name":"(anonymous_1)","decl":{"start":{"line":12,"column":2},"end":{"line":12,"column":3}},"loc":{"start":{"line":12,"column":30},"end":{"line":14,"column":3}},"line":12},"2":{"name":"(anonymous_2)","decl":{"start":{"line":15,"column":2},"end":{"line":15,"column":3}},"loc":{"start":{"line":15,"column":53},"end":{"line":17,"column":3}},"line":15},"3":{"name":"(anonymous_3)","decl":{"start":{"line":18,"column":2},"end":{"line":18,"column":3}},"loc":{"start":{"line":18,"column":44},"end":{"line":20,"column":3}},"line":18}},"branchMap":{},"s":{"0":1,"1":1,"2":1,"3":1,"4":1},"f":{"0":1,"1":1,"2":1,"3":1},"b":{},"_coverageSchema":"1a1c01bbd47fc00a2c39e90264f33305004495a9","hash":"df2a2c43b7835ce721aa74b6f17fb2088ead2485"}
,"C:\\Users\\KENULE-NWINEE\\Documents\\vscode projs\\Vue\\ken-job-search\\src\\store\\state.js": {"path":"C:\\Users\\KENULE-NWINEE\\Documents\\vscode projs\\Vue\\ken-job-search\\src\\store\\state.js","statementMap":{"0":{"start":{"line":1,"column":14},"end":{"line":6,"column":2}},"1":{"start":{"line":1,"column":21},"end":{"line":6,"column":1}}},"fnMap":{"0":{"name":"(anonymous_0)","decl":{"start":{"line":1,"column":14},"end":{"line":1,"column":15}},"loc":{"start":{"line":1,"column":21},"end":{"line":6,"column":1}},"line":1}},"branchMap":{},"s":{"0":1,"1":4},"f":{"0":4},"b":{},"_coverageSchema":"1a1c01bbd47fc00a2c39e90264f33305004495a9","hash":"af619a8fa96912cd2d132117168d48e7a37753df"}
}
