TN:
SF:src\components\JobResults\JobListing.vue
FN:17,(anonymous_0)
FN:58,render
FN:64,(anonymous_2)
FN:64,(anonymous_3)
FN:69,(anonymous_4)
FN:77,(anonymous_5)
FNF:6
FNH:6
FNDA:5,(anonymous_0)
FNDA:5,render
FNDA:5,(anonymous_2)
FNDA:2,(anonymous_3)
FNDA:2,(anonymous_4)
FNDA:5,(anonymous_5)
DA:4,2
DA:7,2
DA:8,2
DA:18,5
DA:24,2
DA:26,2
DA:29,2
DA:30,2
DA:31,2
DA:34,2
DA:37,2
DA:40,2
DA:43,2
DA:46,2
DA:49,2
DA:52,2
DA:55,2
DA:59,5
DA:60,5
DA:64,5
DA:65,2
DA:70,2
DA:77,5
DA:82,2
LF:24
LH:24
BRF:0
BRH:0
end_of_record
TN:
SF:src\components\JobResults\JobListings.vue
FN:103,render
FN:106,(anonymous_1)
FN:123,(anonymous_2)
FN:136,(anonymous_3)
FNF:4
FNH:1
FNDA:1,render
FNDA:0,(anonymous_1)
FNDA:0,(anonymous_2)
FNDA:0,(anonymous_3)
DA:4,1
DA:5,1
DA:8,1
DA:81,1
DA:83,1
DA:86,1
DA:87,1
DA:88,1
DA:91,1
DA:94,1
DA:97,1
DA:100,1
DA:104,1
DA:105,1
DA:106,1
DA:107,0
DA:123,0
DA:136,0
DA:139,1
LF:19
LH:16
BRDA:112,0,0,0
BRDA:112,0,1,1
BRDA:125,1,0,0
BRDA:125,1,1,1
BRF:4
BRH:2
end_of_record
TN:
SF:src\components\JobResults\JobFiltersSidebar\JobFilterSidebarJobTypes.vue
FN:80,render
FN:85,(anonymous_1)
FN:85,(anonymous_2)
FN:91,(anonymous_3)
FN:96,(anonymous_4)
FNF:5
FNH:5
FNDA:2,render
FNDA:3,(anonymous_1)
FNDA:6,(anonymous_2)
FNDA:1,(anonymous_3)
FNDA:1,(anonymous_4)
DA:4,1
DA:5,1
DA:8,1
DA:65,1
DA:67,1
DA:70,1
DA:71,1
DA:72,1
DA:75,1
DA:78,1
DA:79,1
DA:81,2
DA:82,2
DA:85,3
DA:86,6
DA:91,1
DA:97,1
DA:107,1
LF:18
LH:18
BRDA:91,0,0,6
BRDA:91,0,1,2
BRDA:96,1,0,6
BRDA:96,1,1,2
BRDA:97,2,0,1
BRDA:97,2,1,1
BRF:6
BRH:6
end_of_record
TN:
SF:src\components\JobResults\JobFiltersSidebar\JobFiltersSidebarOrganization.vue
FN:80,render
FN:85,(anonymous_1)
FN:85,(anonymous_2)
FN:91,(anonymous_3)
FN:96,(anonymous_4)
FNF:5
FNH:5
FNDA:2,render
FNDA:3,(anonymous_1)
FNDA:6,(anonymous_2)
FNDA:1,(anonymous_3)
FNDA:1,(anonymous_4)
DA:4,1
DA:5,1
DA:8,1
DA:65,1
DA:67,1
DA:70,1
DA:71,1
DA:72,1
DA:75,1
DA:78,1
DA:79,1
DA:81,2
DA:82,2
DA:85,3
DA:86,6
DA:91,1
DA:97,1
DA:107,1
LF:18
LH:18
BRDA:91,0,0,6
BRDA:91,0,1,2
BRDA:96,1,0,6
BRDA:96,1,1,2
BRDA:97,2,0,1
BRDA:97,2,1,1
BRF:6
BRH:6
end_of_record
TN:
SF:src\components\JobSearch\Headline.vue
FN:70,render
FNF:1
FNH:1
FNDA:5,render
DA:4,1
DA:5,1
DA:8,1
DA:51,1
DA:53,1
DA:56,1
DA:57,1
DA:58,1
DA:61,1
DA:65,1
DA:66,1
DA:71,5
DA:74,1
LF:13
LH:13
BRF:0
BRH:0
end_of_record
TN:
SF:src\components\JobSearch\JobSearchForm.vue
FN:78,render
FN:84,(anonymous_1)
FN:92,(anonymous_2)
FN:97,(anonymous_3)
FNF:4
FNH:4
FNDA:3,render
FNDA:1,(anonymous_1)
FNDA:1,(anonymous_2)
FNDA:1,(anonymous_3)
DA:4,1
DA:5,1
DA:8,1
DA:9,1
DA:51,1
DA:53,1
DA:56,1
DA:57,1
DA:58,1
DA:61,1
DA:64,1
DA:68,1
DA:71,1
DA:74,1
DA:79,3
DA:80,3
DA:81,3
DA:82,3
DA:85,1
DA:92,1
DA:97,1
DA:105,1
LF:22
LH:22
BRDA:84,0,0,3
BRDA:84,0,1,1
BRDA:85,1,0,1
BRDA:85,1,1,1
BRDA:92,2,0,3
BRDA:92,2,1,1
BRDA:97,3,0,3
BRDA:97,3,1,1
BRF:8
BRH:8
end_of_record
TN:
SF:src\components\Navigation\MainNav.vue
FN:120,render
FN:133,(anonymous_1)
FN:135,(anonymous_2)
FN:144,(anonymous_3)
FN:156,(anonymous_4)
FNF:5
FNH:5
FNDA:6,render
FNDA:6,(anonymous_1)
FNDA:36,(anonymous_2)
FNDA:36,(anonymous_3)
FNDA:1,(anonymous_4)
DA:4,1
DA:5,1
DA:8,1
DA:98,1
DA:100,1
DA:103,1
DA:104,1
DA:105,1
DA:108,1
DA:111,1
DA:114,1
DA:117,1
DA:121,6
DA:122,6
DA:123,6
DA:124,6
DA:125,6
DA:133,6
DA:136,36
DA:144,36
DA:156,1
DA:161,1
LF:22
LH:22
BRDA:148,0,0,2
BRDA:148,0,1,4
BRDA:156,1,0,4
BRDA:156,1,1,4
BRDA:157,2,0,2
BRDA:157,2,1,4
BRF:6
BRH:6
end_of_record
TN:
SF:src\components\Navigation\ProfileImage.vue
FN:10,(anonymous_0)
FN:26,render
FNF:2
FNH:2
FNDA:1,(anonymous_0)
FNDA:1,render
DA:4,2
DA:7,2
DA:8,2
DA:11,1
DA:18,2
DA:20,2
DA:23,2
DA:24,2
DA:25,2
DA:27,1
DA:31,2
LF:11
LH:11
BRF:0
BRH:0
end_of_record
TN:
SF:src\components\Navigation\Subnav.vue
FN:56,render
FNF:1
FNH:1
FNDA:2,render
DA:4,2
DA:7,2
DA:36,2
DA:38,2
DA:41,2
DA:42,2
DA:43,2
DA:46,2
DA:49,2
DA:53,2
DA:57,2
DA:58,2
DA:62,2
LF:13
LH:13
BRDA:58,0,0,1
BRDA:58,0,1,1
BRF:2
BRH:2
end_of_record
TN:
SF:src\components\Shared\Accordion.vue
FN:16,(anonymous_0)
FN:22,(anonymous_1)
FN:27,(anonymous_2)
FN:53,render
FN:58,(anonymous_4)
FN:63,(anonymous_5)
FNF:6
FNH:6
FNDA:6,(anonymous_0)
FNDA:12,(anonymous_1)
FNDA:6,(anonymous_2)
FNDA:14,render
FNDA:6,(anonymous_4)
FNDA:1,(anonymous_5)
DA:4,3
DA:7,3
DA:8,3
DA:17,6
DA:23,12
DA:28,6
DA:34,3
DA:36,3
DA:39,3
DA:40,3
DA:41,3
DA:44,3
DA:47,3
DA:51,3
DA:54,14
DA:55,14
DA:59,6
DA:63,1
DA:64,3
LF:19
LH:19
BRDA:23,0,0,6
BRDA:23,0,1,6
BRDA:58,1,0,14
BRDA:58,1,1,6
BRDA:59,2,0,6
BRDA:59,2,1,6
BRDA:63,3,0,8
BRDA:63,3,1,6
BRF:8
BRH:8
end_of_record
TN:
SF:src\components\Shared\ActionButton.vue
FN:19,(anonymous_0)
FN:25,(anonymous_1)
FN:41,render
FNF:3
FNH:3
FNDA:7,(anonymous_0)
FNDA:3,(anonymous_1)
FNDA:3,render
DA:4,3
DA:7,3
DA:8,3
DA:20,7
DA:26,3
DA:34,3
DA:36,3
DA:39,3
DA:40,3
DA:42,3
DA:45,3
LF:11
LH:11
BRF:0
BRH:0
end_of_record
TN:
SF:src\components\Shared\HeaderContainer.vue
FN:26,render
FN:27,(anonymous_1)
FN:27,(anonymous_2)
FNF:3
FNH:2
FNDA:2,render
FNDA:0,(anonymous_1)
FNDA:2,(anonymous_2)
DA:4,1
DA:7,1
DA:8,1
DA:13,1
DA:15,1
DA:18,1
DA:19,1
DA:20,1
DA:23,1
DA:27,2
DA:28,1
LF:11
LH:11
BRF:0
BRH:0
end_of_record
TN:
SF:src\components\Shared\TextInput.vue
FN:23,(anonymous_0)
FN:38,render
FN:44,(anonymous_2)
FNF:3
FNH:3
FNDA:5,(anonymous_0)
FNDA:5,render
FNDA:5,(anonymous_2)
DA:4,2
DA:7,2
DA:8,2
DA:24,5
DA:30,2
DA:32,2
DA:35,2
DA:36,2
DA:37,2
DA:39,5
DA:45,5
DA:48,2
LF:12
LH:12
BRDA:44,0,0,5
BRDA:44,0,1,3
BRDA:45,1,0,5
BRDA:45,1,1,5
BRF:4
BRH:4
end_of_record
TN:
SF:src\helpers\nextElementList.js
FN:1,(anonymous_0)
FNF:1
FNH:1
FNDA:3,(anonymous_0)
DA:1,2
DA:2,3
DA:3,3
DA:4,3
DA:5,3
LF:5
LH:5
BRF:0
BRH:0
end_of_record
TN:
SF:src\store\constants.js
FNF:0
FNH:0
DA:2,7
DA:5,7
DA:6,7
DA:7,7
DA:10,7
DA:11,7
DA:12,7
DA:15,7
DA:16,7
DA:17,7
LF:10
LH:10
BRF:0
BRH:0
end_of_record
TN:
SF:src\store\getters.js
FN:10,(anonymous_0)
FN:12,(anonymous_1)
FN:16,(anonymous_2)
FN:18,(anonymous_3)
FN:22,(anonymous_4)
FN:22,(anonymous_5)
FN:27,(anonymous_6)
FN:27,(anonymous_7)
FN:32,(anonymous_8)
FN:34,(anonymous_9)
FN:35,(anonymous_10)
FNF:11
FNH:8
FNDA:1,(anonymous_0)
FNDA:3,(anonymous_1)
FNDA:1,(anonymous_2)
FNDA:3,(anonymous_3)
FNDA:2,(anonymous_4)
FNDA:2,(anonymous_5)
FNDA:2,(anonymous_6)
FNDA:2,(anonymous_7)
FNDA:0,(anonymous_8)
FNDA:0,(anonymous_9)
FNDA:0,(anonymous_10)
DA:9,1
DA:11,1
DA:12,3
DA:13,1
DA:17,1
DA:18,3
DA:19,1
DA:22,2
DA:23,2
DA:24,1
DA:27,2
DA:28,2
DA:29,1
DA:33,0
DA:34,0
DA:35,0
LF:16
LH:13
BRDA:23,0,0,1
BRDA:23,0,1,1
BRDA:28,1,0,1
BRDA:28,1,1,1
BRF:4
BRH:4
end_of_record
TN:
SF:src\store\mutations.js
FN:9,(anonymous_0)
FN:12,(anonymous_1)
FN:15,(anonymous_2)
FN:18,(anonymous_3)
FNF:4
FNH:4
FNDA:1,(anonymous_0)
FNDA:1,(anonymous_1)
FNDA:1,(anonymous_2)
FNDA:1,(anonymous_3)
DA:8,1
DA:10,1
DA:13,1
DA:16,1
DA:19,1
LF:5
LH:5
BRF:0
BRH:0
end_of_record
TN:
SF:src\store\state.js
FN:1,(anonymous_0)
FNF:1
FNH:1
FNDA:4,(anonymous_0)
DA:1,4
LF:1
LH:1
BRF:0
BRH:0
end_of_record
